params: minX maxX minY maxY limit orderBy ofstedType
maxX = 54.52745749948722
ofstedType = all
minX = 50.52041218671901
orderBy = average_secondary
minY = -4.229736328125
limit = 20
maxY = 1.263427734375
25679 at Tue Sep 19 18:07:05 2006
SELECT count( * ) from dfes,ofsted WHERE 
dfes.name = ofsted.name AND dfes.postcode = ofsted.postcode AND 
dfes.lon > 50.52041218671901 AND 
dfes.lon < 54.52745749948722 AND 
dfes.lat > -4.229736328125 AND
dfes.lat < 1.263427734375 
nschools: 0
SELECT dfes.*, ofsted.url AS ofsted_url, ofsted.type AS ofsted_type FROM dfes,ofsted WHERE
dfes.name = ofsted.name AND dfes.postcode = ofsted.postcode AND 
dfes.lon > 50.52041218671901 AND
dfes.lon < 54.52745749948722 AND
dfes.lat > -4.229736328125 AND
dfes.lat < 1.263427734375
ORDER BY average_secondary DESC
 LIMIT 20
params: minX maxX minY maxY limit orderBy ofstedType
maxX = 4.02099609375
ofstedType = all
minX = -7.009277343749999
orderBy = average_secondary
minY = 48.370847702383664
limit = 20
maxY = 56.413901376006756
26110 at Tue Sep 19 18:07:58 2006
SELECT count( * ) from dfes,ofsted WHERE 
dfes.name = ofsted.name AND dfes.postcode = ofsted.postcode AND 
dfes.lon > -7.009277343749999 AND 
dfes.lon < 4.02099609375 AND 
dfes.lat > 48.370847702383664 AND
dfes.lat < 56.413901376006756 
nschools: 16500
SELECT dfes.*, ofsted.url AS ofsted_url, ofsted.type AS ofsted_type FROM dfes,ofsted WHERE
dfes.name = ofsted.name AND dfes.postcode = ofsted.postcode AND 
dfes.lon > -7.009277343749999 AND
dfes.lon < 4.02099609375 AND
dfes.lat > 48.370847702383664 AND
dfes.lat < 56.413901376006756
ORDER BY average_secondary DESC
 LIMIT 20
params: minX maxX minY maxY limit orderBy ofstedType
maxX = 1.263427734375
ofstedType = all
minX = -4.229736328125
orderBy = average_secondary
minY = 50.52041218671901
limit = 20
maxY = 54.52745749948722
27807 at Tue Sep 19 18:08:54 2006
SELECT count( * ) from dfes,ofsted WHERE 
dfes.name = ofsted.name AND dfes.postcode = ofsted.postcode AND 
dfes.lon > -4.229736328125 AND 
dfes.lon < 1.263427734375 AND 
dfes.lat > 50.52041218671901 AND
dfes.lat < 54.52745749948722 
nschools: 14949
SELECT dfes.*, ofsted.url AS ofsted_url, ofsted.type AS ofsted_type FROM dfes,ofsted WHERE
dfes.name = ofsted.name AND dfes.postcode = ofsted.postcode AND 
dfes.lon > -4.229736328125 AND
dfes.lon < 1.263427734375 AND
dfes.lat > 50.52041218671901 AND
dfes.lat < 54.52745749948722
ORDER BY average_secondary DESC
 LIMIT 20
params: minX maxX minY maxY limit orderBy ofstedType
maxX = 1.263427734375
ofstedType = all
minX = -4.229736328125
orderBy = average_secondary
minY = 50.52041218671901
limit = 20
maxY = 54.52745749948722
25680 at Tue Sep 19 18:14:26 2006
SELECT count( * ) from dfes,ofsted WHERE 
dfes.name = ofsted.name AND dfes.postcode = ofsted.postcode AND 
dfes.lon > -4.229736328125 AND 
dfes.lon < 1.263427734375 AND 
dfes.lat > 50.52041218671901 AND
dfes.lat < 54.52745749948722 
nschools: 14949
SELECT dfes.*, ofsted.url AS ofsted_url, ofsted.type AS ofsted_type FROM dfes,ofsted WHERE
dfes.name = ofsted.name AND dfes.postcode = ofsted.postcode AND 
dfes.lon > -4.229736328125 AND
dfes.lon < 1.263427734375 AND
dfes.lat > 50.52041218671901 AND
dfes.lat < 54.52745749948722
ORDER BY average_secondary DESC
 LIMIT 20
params: minX maxX minY maxY limit orderBy ofstedType
maxX = 1.263427734375
ofstedType = all
minX = -4.229736328125
orderBy = average_secondary
minY = 50.52041218671901
limit = 20
maxY = 54.52745749948722
27808 at Tue Sep 19 18:15:12 2006
SELECT count( * ) from dfes,ofsted WHERE 
dfes.name = ofsted.name AND dfes.postcode = ofsted.postcode AND 
dfes.lon > -4.229736328125 AND 
dfes.lon < 1.263427734375 AND 
dfes.lat > 50.52041218671901 AND
dfes.lat < 54.52745749948722 
nschools: 14949
SELECT dfes.*, ofsted.url AS ofsted_url, ofsted.type AS ofsted_type FROM dfes,ofsted WHERE
dfes.name = ofsted.name AND dfes.postcode = ofsted.postcode AND 
dfes.lon > -4.229736328125 AND
dfes.lon < 1.263427734375 AND
dfes.lat > 50.52041218671901 AND
dfes.lat < 54.52745749948722
ORDER BY average_secondary DESC
 LIMIT 20
params: minX maxX minY maxY limit orderBy ofstedType
maxX = 1.263427734375
ofstedType = all
minX = -4.229736328125
orderBy = average_secondary
minY = 50.52041218671901
limit = 20
maxY = 54.52745749948722
25759 at Tue Sep 19 18:16:00 2006
SELECT count( * ) from dfes,ofsted WHERE 
dfes.name = ofsted.name AND dfes.postcode = ofsted.postcode AND 
dfes.lon > -4.229736328125 AND 
dfes.lon < 1.263427734375 AND 
dfes.lat > 50.52041218671901 AND
dfes.lat < 54.52745749948722 
nschools: 14949
SELECT dfes.*, ofsted.url AS ofsted_url, ofsted.type AS ofsted_type FROM dfes,ofsted WHERE
dfes.name = ofsted.name AND dfes.postcode = ofsted.postcode AND 
dfes.lon > -4.229736328125 AND
dfes.lon < 1.263427734375 AND
dfes.lat > 50.52041218671901 AND
dfes.lat < 54.52745749948722
ORDER BY average_secondary DESC
 LIMIT 20
params: minX maxX minY maxY limit orderBy ofstedType
maxX = 1.263427734375
ofstedType = all
minX = -4.229736328125
orderBy = average_secondary
minY = 50.52041218671901
limit = 20
maxY = 54.52745749948722
25678 at Tue Sep 19 18:17:09 2006
SELECT count( * ) from dfes,ofsted WHERE 
dfes.name = ofsted.name AND dfes.postcode = ofsted.postcode AND 
dfes.lon > -4.229736328125 AND 
dfes.lon < 1.263427734375 AND 
dfes.lat > 50.52041218671901 AND
dfes.lat < 54.52745749948722 
nschools: 14949
SELECT dfes.*, ofsted.url AS ofsted_url, ofsted.type AS ofsted_type FROM dfes,ofsted WHERE
dfes.name = ofsted.name AND dfes.postcode = ofsted.postcode AND 
dfes.lon > -4.229736328125 AND
dfes.lon < 1.263427734375 AND
dfes.lat > 50.52041218671901 AND
dfes.lat < 54.52745749948722
ORDER BY average_secondary DESC
 LIMIT 20
params: minX maxX minY maxY limit orderBy ofstedType
maxX = 1.263427734375
ofstedType = all
minX = -4.229736328125
orderBy = average_secondary
minY = 50.52041218671901
limit = 20
maxY = 54.52745749948722
25677 at Tue Sep 19 18:18:05 2006
SELECT count( * ) from dfes,ofsted WHERE 
dfes.name = ofsted.name AND dfes.postcode = ofsted.postcode AND 
dfes.lon > -4.229736328125 AND 
dfes.lon < 1.263427734375 AND 
dfes.lat > 50.52041218671901 AND
dfes.lat < 54.52745749948722 
nschools: 14949
SELECT dfes.*, ofsted.url AS ofsted_url, ofsted.type AS ofsted_type FROM dfes,ofsted WHERE
dfes.name = ofsted.name AND dfes.postcode = ofsted.postcode AND 
dfes.lon > -4.229736328125 AND
dfes.lon < 1.263427734375 AND
dfes.lat > 50.52041218671901 AND
dfes.lat < 54.52745749948722
ORDER BY average_secondary DESC
 LIMIT 20
params: minX maxX minY maxY limit orderBy ofstedType
ofstedType = all
maxX = 1.263427734375
minX = -4.229736328125
orderBy = average_secondary
minY = 50.52041218671901
limit = 20
maxY = 54.52745749948722
25762 at Tue Sep 19 18:19:20 2006
SELECT count( * ) from dfes,ofsted WHERE 
dfes.name = ofsted.name AND dfes.postcode = ofsted.postcode AND 
dfes.lon > -4.229736328125 AND 
dfes.lon < 1.263427734375 AND 
dfes.lat > 50.52041218671901 AND
dfes.lat < 54.52745749948722 
nschools: 14949
SELECT dfes.*, ofsted.url AS ofsted_url, ofsted.type AS ofsted_type FROM dfes,ofsted WHERE
dfes.name = ofsted.name AND dfes.postcode = ofsted.postcode AND 
dfes.lon > -4.229736328125 AND
dfes.lon < 1.263427734375 AND
dfes.lat > 50.52041218671901 AND
dfes.lat < 54.52745749948722
ORDER BY average_secondary DESC
 LIMIT 20
params: minX maxX minY maxY limit orderBy ofstedType
maxX = 1.263427734375
ofstedType = all
minX = -4.229736328125
orderBy = average_secondary
minY = 50.52041218671901
limit = 20
maxY = 54.52745749948722
25679 at Tue Sep 19 18:22:18 2006
SELECT count( * ) from dfes,ofsted WHERE 
dfes.name = ofsted.name AND dfes.postcode = ofsted.postcode AND 
dfes.lon > -4.229736328125 AND 
dfes.lon < 1.263427734375 AND 
dfes.lat > 50.52041218671901 AND
dfes.lat < 54.52745749948722 
nschools: 14949
SELECT dfes.*, ofsted.url AS ofsted_url, ofsted.type AS ofsted_type FROM dfes,ofsted WHERE
dfes.name = ofsted.name AND dfes.postcode = ofsted.postcode AND 
dfes.lon > -4.229736328125 AND
dfes.lon < 1.263427734375 AND
dfes.lat > 50.52041218671901 AND
dfes.lat < 54.52745749948722
ORDER BY average_secondary DESC
 LIMIT 20
params: minX maxX minY maxY limit orderBy ofstedType
maxX = 1.263427734375
ofstedType = all
minX = -4.229736328125
orderBy = average_secondary
minY = 50.52041218671901
limit = 20
maxY = 54.52745749948722
27807 at Tue Sep 19 18:24:22 2006
SELECT count( * ) from dfes,ofsted WHERE 
dfes.name = ofsted.name AND dfes.postcode = ofsted.postcode AND 
dfes.lon > -4.229736328125 AND 
dfes.lon < 1.263427734375 AND 
dfes.lat > 50.52041218671901 AND
dfes.lat < 54.52745749948722 
nschools: 14949
SELECT dfes.*, ofsted.url AS ofsted_url, ofsted.type AS ofsted_type FROM dfes,ofsted WHERE
dfes.name = ofsted.name AND dfes.postcode = ofsted.postcode AND 
dfes.lon > -4.229736328125 AND
dfes.lon < 1.263427734375 AND
dfes.lat > 50.52041218671901 AND
dfes.lat < 54.52745749948722
ORDER BY average_secondary DESC
 LIMIT 20
params: minX maxX minY maxY limit orderBy ofstedType
maxX = 1.263427734375
ofstedType = all
minX = -4.229736328125
orderBy = average_secondary
minY = 50.52041218671901
limit = 20
maxY = 54.52745749948722
25680 at Tue Sep 19 18:25:14 2006
SELECT count( * ) from dfes,ofsted WHERE 
dfes.name = ofsted.name AND dfes.postcode = ofsted.postcode AND 
dfes.lon > -4.229736328125 AND 
dfes.lon < 1.263427734375 AND 
dfes.lat > 50.52041218671901 AND
dfes.lat < 54.52745749948722 
nschools: 14949
SELECT dfes.*, ofsted.url AS ofsted_url, ofsted.type AS ofsted_type FROM dfes,ofsted WHERE
dfes.name = ofsted.name AND dfes.postcode = ofsted.postcode AND 
dfes.lon > -4.229736328125 AND
dfes.lon < 1.263427734375 AND
dfes.lat > 50.52041218671901 AND
dfes.lat < 54.52745749948722
ORDER BY average_secondary DESC
 LIMIT 20
params: minX maxX minY maxY limit orderBy ofstedType
maxX = 1.263427734375
ofstedType = all
minX = -4.229736328125
orderBy = average_secondary
minY = 50.52041218671901
limit = 20
maxY = 54.52745749948722
25680 at Tue Sep 19 19:41:56 2006
SELECT count( * ) from dfes,ofsted WHERE 
dfes.name = ofsted.name AND dfes.postcode = ofsted.postcode AND 
dfes.lon > -4.229736328125 AND 
dfes.lon < 1.263427734375 AND 
dfes.lat > 50.52041218671901 AND
dfes.lat < 54.52745749948722 
nschools: 14949
SELECT dfes.*, ofsted.url AS ofsted_url, ofsted.type AS ofsted_type FROM dfes,ofsted WHERE
dfes.name = ofsted.name AND dfes.postcode = ofsted.postcode AND 
dfes.lon > -4.229736328125 AND
dfes.lon < 1.263427734375 AND
dfes.lat > 50.52041218671901 AND
dfes.lat < 54.52745749948722
ORDER BY average_secondary DESC
 LIMIT 20
params: minX maxX minY maxY limit orderBy ofstedType
maxX = 1.263427734375
ofstedType = all
minX = -4.229736328125
orderBy = average_secondary
minY = 50.52041218671901
limit = 20
maxY = 54.52745749948722
25678 at Tue Sep 19 19:45:24 2006
SELECT count( * ) from dfes,ofsted WHERE 
dfes.name = ofsted.name AND dfes.postcode = ofsted.postcode AND 
dfes.lon > -4.229736328125 AND 
dfes.lon < 1.263427734375 AND 
dfes.lat > 50.52041218671901 AND
dfes.lat < 54.52745749948722 
nschools: 14949
SELECT dfes.*, ofsted.url AS ofsted_url, ofsted.type AS ofsted_type FROM dfes,ofsted WHERE
dfes.name = ofsted.name AND dfes.postcode = ofsted.postcode AND 
dfes.lon > -4.229736328125 AND
dfes.lon < 1.263427734375 AND
dfes.lat > 50.52041218671901 AND
dfes.lat < 54.52745749948722
ORDER BY average_secondary DESC
 LIMIT 20
params: minX maxX minY maxY limit orderBy ofstedType
maxX = 4.02099609375
ofstedType = all
minX = -7.009277343749999
orderBy = average_secondary
minY = 48.370847702383664
limit = 20
maxY = 56.413901376006756
25677 at Tue Sep 19 19:47:01 2006
SELECT count( * ) from dfes,ofsted WHERE 
dfes.name = ofsted.name AND dfes.postcode = ofsted.postcode AND 
dfes.lon > -7.009277343749999 AND 
dfes.lon < 4.02099609375 AND 
dfes.lat > 48.370847702383664 AND
dfes.lat < 56.413901376006756 
nschools: 16500
SELECT dfes.*, ofsted.url AS ofsted_url, ofsted.type AS ofsted_type FROM dfes,ofsted WHERE
dfes.name = ofsted.name AND dfes.postcode = ofsted.postcode AND 
dfes.lon > -7.009277343749999 AND
dfes.lon < 4.02099609375 AND
dfes.lat > 48.370847702383664 AND
dfes.lat < 56.413901376006756
ORDER BY average_secondary DESC
 LIMIT 20
params: minX maxX minY maxY limit orderBy ofstedType
ofstedType = all
maxX = 1.263427734375
minX = -4.229736328125
orderBy = average_secondary
minY = 50.52041218671901
limit = 20
maxY = 54.52745749948722
25681 at Tue Sep 19 19:47:02 2006
SELECT count( * ) from dfes,ofsted WHERE 
dfes.name = ofsted.name AND dfes.postcode = ofsted.postcode AND 
dfes.lon > -4.229736328125 AND 
dfes.lon < 1.263427734375 AND 
dfes.lat > 50.52041218671901 AND
dfes.lat < 54.52745749948722 
nschools: 14949
SELECT dfes.*, ofsted.url AS ofsted_url, ofsted.type AS ofsted_type FROM dfes,ofsted WHERE
dfes.name = ofsted.name AND dfes.postcode = ofsted.postcode AND 
dfes.lon > -4.229736328125 AND
dfes.lon < 1.263427734375 AND
dfes.lat > 50.52041218671901 AND
dfes.lat < 54.52745749948722
ORDER BY average_secondary DESC
 LIMIT 20
params: minX maxX minY maxY limit orderBy ofstedType
ofstedType = all
maxX = 1.263427734375
minX = -4.229736328125
orderBy = average_secondary
minY = 50.52041218671901
limit = 20
maxY = 54.52745749948722
25762 at Tue Sep 19 19:48:21 2006
SELECT count( * ) from dfes,ofsted WHERE 
dfes.name = ofsted.name AND dfes.postcode = ofsted.postcode AND 
dfes.lon > -4.229736328125 AND 
dfes.lon < 1.263427734375 AND 
dfes.lat > 50.52041218671901 AND
dfes.lat < 54.52745749948722 
nschools: 14949
SELECT dfes.*, ofsted.url AS ofsted_url, ofsted.type AS ofsted_type FROM dfes,ofsted WHERE
dfes.name = ofsted.name AND dfes.postcode = ofsted.postcode AND 
dfes.lon > -4.229736328125 AND
dfes.lon < 1.263427734375 AND
dfes.lat > 50.52041218671901 AND
dfes.lat < 54.52745749948722
ORDER BY average_secondary DESC
 LIMIT 20
params: minX maxX minY maxY limit orderBy ofstedType
maxX = 1.263427734375
ofstedType = all
minX = -4.229736328125
orderBy = average_secondary
minY = 50.52041218671901
limit = 20
maxY = 54.52745749948722
25679 at Tue Sep 19 19:48:45 2006
SELECT count( * ) from dfes,ofsted WHERE 
dfes.name = ofsted.name AND dfes.postcode = ofsted.postcode AND 
dfes.lon > -4.229736328125 AND 
dfes.lon < 1.263427734375 AND 
dfes.lat > 50.52041218671901 AND
dfes.lat < 54.52745749948722 
nschools: 14949
SELECT dfes.*, ofsted.url AS ofsted_url, ofsted.type AS ofsted_type FROM dfes,ofsted WHERE
dfes.name = ofsted.name AND dfes.postcode = ofsted.postcode AND 
dfes.lon > -4.229736328125 AND
dfes.lon < 1.263427734375 AND
dfes.lat > 50.52041218671901 AND
dfes.lat < 54.52745749948722
ORDER BY average_secondary DESC
 LIMIT 20
params: minX maxX minY maxY limit orderBy ofstedType
maxX = 1.263427734375
ofstedType = all
minX = -4.229736328125
orderBy = average_secondary
minY = 50.52041218671901
limit = 20
maxY = 54.52745749948722
26110 at Tue Sep 19 19:49:11 2006
SELECT count( * ) from dfes,ofsted WHERE 
dfes.name = ofsted.name AND dfes.postcode = ofsted.postcode AND 
dfes.lon > -4.229736328125 AND 
dfes.lon < 1.263427734375 AND 
dfes.lat > 50.52041218671901 AND
dfes.lat < 54.52745749948722 
nschools: 14949
SELECT dfes.*, ofsted.url AS ofsted_url, ofsted.type AS ofsted_type FROM dfes,ofsted WHERE
dfes.name = ofsted.name AND dfes.postcode = ofsted.postcode AND 
dfes.lon > -4.229736328125 AND
dfes.lon < 1.263427734375 AND
dfes.lat > 50.52041218671901 AND
dfes.lat < 54.52745749948722
ORDER BY average_secondary DESC
 LIMIT 20
params: minX maxX minY maxY limit orderBy ofstedType
maxX = 4.02099609375
ofstedType = all
minX = -7.009277343749999
orderBy = average_secondary
minY = 48.370847702383664
limit = 20
maxY = 56.413901376006756
25677 at Tue Sep 19 20:26:11 2006
SELECT count( * ) from dfes,ofsted WHERE 
dfes.name = ofsted.name AND dfes.postcode = ofsted.postcode AND 
dfes.lon > -7.009277343749999 AND 
dfes.lon < 4.02099609375 AND 
dfes.lat > 48.370847702383664 AND
dfes.lat < 56.413901376006756 
nschools: 16500
SELECT dfes.*, ofsted.url AS ofsted_url, ofsted.type AS ofsted_type FROM dfes,ofsted WHERE
dfes.name = ofsted.name AND dfes.postcode = ofsted.postcode AND 
dfes.lon > -7.009277343749999 AND
dfes.lon < 4.02099609375 AND
dfes.lat > 48.370847702383664 AND
dfes.lat < 56.413901376006756
ORDER BY average_secondary DESC
 LIMIT 20
params: minX maxX minY maxY limit orderBy ofstedType
maxX = 4.02099609375
ofstedType = all
minX = -7.009277343749999
orderBy = average_secondary
minY = 48.370847702383664
limit = 20
maxY = 56.413901376006756
25678 at Tue Sep 19 21:33:05 2006
SELECT count( * ) from dfes,ofsted WHERE 
dfes.name = ofsted.name AND dfes.postcode = ofsted.postcode AND 
dfes.lon > -7.009277343749999 AND 
dfes.lon < 4.02099609375 AND 
dfes.lat > 48.370847702383664 AND
dfes.lat < 56.413901376006756 
nschools: 16500
SELECT dfes.*, ofsted.url AS ofsted_url, ofsted.type AS ofsted_type FROM dfes,ofsted WHERE
dfes.name = ofsted.name AND dfes.postcode = ofsted.postcode AND 
dfes.lon > -7.009277343749999 AND
dfes.lon < 4.02099609375 AND
dfes.lat > 48.370847702383664 AND
dfes.lat < 56.413901376006756
ORDER BY average_secondary DESC
 LIMIT 20
params: minX maxX minY maxY limit orderBy ofstedType
maxX = 4.15283203125
ofstedType = all
minX = -6.87744140625
orderBy = average_secondary
minY = 47.025206001585396
limit = 20
maxY = 55.29162848682989
25678 at Tue Sep 19 21:33:20 2006
SELECT count( * ) from dfes,ofsted WHERE 
dfes.name = ofsted.name AND dfes.postcode = ofsted.postcode AND 
dfes.lon > -6.87744140625 AND 
dfes.lon < 4.15283203125 AND 
dfes.lat > 47.025206001585396 AND
dfes.lat < 55.29162848682989 
params: minX maxX minY maxY limit orderBy ofstedType
maxX = 1.3952636718749997
ofstedType = all
minX = -4.119873046875
orderBy = average_secondary
minY = 49.23194729854554
limit = 20
maxY = 53.363665164191865
25677 at Tue Sep 19 21:33:23 2006
SELECT count( * ) from dfes,ofsted WHERE 
dfes.name = ofsted.name AND dfes.postcode = ofsted.postcode AND 
dfes.lon > -4.119873046875 AND 
dfes.lon < 1.3952636718749997 AND 
dfes.lat > 49.23194729854554 AND
dfes.lat < 53.363665164191865 
nschools: 16486
SELECT dfes.*, ofsted.url AS ofsted_url, ofsted.type AS ofsted_type FROM dfes,ofsted WHERE
dfes.name = ofsted.name AND dfes.postcode = ofsted.postcode AND 
dfes.lon > -6.87744140625 AND
dfes.lon < 4.15283203125 AND
dfes.lat > 47.025206001585396 AND
dfes.lat < 55.29162848682989
ORDER BY average_secondary DESC
 LIMIT 20
params: minX maxX minY maxY limit orderBy ofstedType
maxX = 0.0164794921875
ofstedType = all
minX = -2.7410888671875
orderBy = average_secondary
minY = 50.29986701674911
limit = 20
maxY = 52.36553758871974
25678 at Tue Sep 19 21:33:26 2006
SELECT count( * ) from dfes,ofsted WHERE 
dfes.name = ofsted.name AND dfes.postcode = ofsted.postcode AND 
dfes.lon > -2.7410888671875 AND 
dfes.lon < 0.0164794921875 AND 
dfes.lat > 50.29986701674911 AND
dfes.lat < 52.36553758871974 
nschools: 11132
SELECT dfes.*, ofsted.url AS ofsted_url, ofsted.type AS ofsted_type FROM dfes,ofsted WHERE
dfes.name = ofsted.name AND dfes.postcode = ofsted.postcode AND 
dfes.lon > -4.119873046875 AND
dfes.lon < 1.3952636718749997 AND
dfes.lat > 49.23194729854554 AND
dfes.lat < 53.363665164191865
ORDER BY average_secondary DESC
 LIMIT 20
nschools: 5556
SELECT dfes.*, ofsted.url AS ofsted_url, ofsted.type AS ofsted_type FROM dfes,ofsted WHERE
dfes.name = ofsted.name AND dfes.postcode = ofsted.postcode AND 
dfes.lon > -2.7410888671875 AND
dfes.lon < 0.0164794921875 AND
dfes.lat > 50.29986701674911 AND
dfes.lat < 52.36553758871974
ORDER BY average_secondary DESC
 LIMIT 20
params: minX maxX minY maxY limit orderBy ofstedType
maxX = -0.1263427734375
ofstedType = all
minX = -2.8839111328125
orderBy = average_secondary
minY = 49.94768525985766
limit = 20
maxY = 52.028838481536255
25677 at Tue Sep 19 21:33:31 2006
SELECT count( * ) from dfes,ofsted WHERE 
dfes.name = ofsted.name AND dfes.postcode = ofsted.postcode AND 
dfes.lon > -2.8839111328125 AND 
dfes.lon < -0.1263427734375 AND 
dfes.lat > 49.94768525985766 AND
dfes.lat < 52.028838481536255 
nschools: 4069
SELECT dfes.*, ofsted.url AS ofsted_url, ofsted.type AS ofsted_type FROM dfes,ofsted WHERE
dfes.name = ofsted.name AND dfes.postcode = ofsted.postcode AND 
dfes.lon > -2.8839111328125 AND
dfes.lon < -0.1263427734375 AND
dfes.lat > 49.94768525985766 AND
dfes.lat < 52.028838481536255
ORDER BY average_secondary DESC
 LIMIT 20
params: minX maxX minY maxY limit orderBy ofstedType
maxX = -0.81573486328125
ofstedType = all
minX = -2.19451904296875
orderBy = average_secondary
minY = 50.47673484653018
limit = 20
maxY = 51.51728895465184
25678 at Tue Sep 19 21:33:37 2006
SELECT count( * ) from dfes,ofsted WHERE 
dfes.name = ofsted.name AND dfes.postcode = ofsted.postcode AND 
dfes.lon > -2.19451904296875 AND 
dfes.lon < -0.81573486328125 AND 
dfes.lat > 50.47673484653018 AND
dfes.lat < 51.51728895465184 
nschools: 831
SELECT dfes.*, ofsted.url AS ofsted_url, ofsted.type AS ofsted_type FROM dfes,ofsted WHERE
dfes.name = ofsted.name AND dfes.postcode = ofsted.postcode AND 
dfes.lon > -2.19451904296875 AND
dfes.lon < -0.81573486328125 AND
dfes.lat > 50.47673484653018 AND
dfes.lat < 51.51728895465184
ORDER BY average_secondary DESC
 LIMIT 20
params: minX maxX minY maxY limit orderBy ofstedType
maxX = -0.68115234375
ofstedType = all
minX = -2.0599365234375
orderBy = average_secondary
minY = 50.469742723755154
limit = 20
maxY = 51.51045188624859
25677 at Tue Sep 19 21:33:49 2006
SELECT count( * ) from dfes,ofsted WHERE 
dfes.name = ofsted.name AND dfes.postcode = ofsted.postcode AND 
dfes.lon > -2.0599365234375 AND 
dfes.lon < -0.68115234375 AND 
dfes.lat > 50.469742723755154 AND
dfes.lat < 51.51045188624859 
nschools: 911
SELECT dfes.*, ofsted.url AS ofsted_url, ofsted.type AS ofsted_type FROM dfes,ofsted WHERE
dfes.name = ofsted.name AND dfes.postcode = ofsted.postcode AND 
dfes.lon > -2.0599365234375 AND
dfes.lon < -0.68115234375 AND
dfes.lat > 50.469742723755154 AND
dfes.lat < 51.51045188624859
ORDER BY average_secondary DESC
 LIMIT 20
params: minX maxX minY maxY limit orderBy ofstedType
maxX = -1.025848388671875
ofstedType = all
minX = -1.7152404785156247
orderBy = average_secondary
minY = 50.732109235771034
limit = 20
maxY = 51.25246100528763
26110 at Tue Sep 19 21:35:07 2006
SELECT count( * ) from dfes,ofsted WHERE 
dfes.name = ofsted.name AND dfes.postcode = ofsted.postcode AND 
dfes.lon > -1.7152404785156247 AND 
dfes.lon < -1.025848388671875 AND 
dfes.lat > 50.732109235771034 AND
dfes.lat < 51.25246100528763 
nschools: 297
SELECT dfes.*, ofsted.url AS ofsted_url, ofsted.type AS ofsted_type FROM dfes,ofsted WHERE
dfes.name = ofsted.name AND dfes.postcode = ofsted.postcode AND 
dfes.lon > -1.7152404785156247 AND
dfes.lon < -1.025848388671875 AND
dfes.lat > 50.732109235771034 AND
dfes.lat < 51.25246100528763
ORDER BY average_secondary DESC
 LIMIT 20
params: minX maxX minY maxY limit orderBy ofstedType
maxX = -0.8734130859375
ofstedType = all
minX = -1.5628051757812502
orderBy = average_secondary
minY = 50.73558598902108
limit = 20
maxY = 51.25589899305906
26110 at Tue Sep 19 21:35:17 2006
SELECT count( * ) from dfes,ofsted WHERE 
dfes.name = ofsted.name AND dfes.postcode = ofsted.postcode AND 
dfes.lon > -1.5628051757812502 AND 
dfes.lon < -0.8734130859375 AND 
dfes.lat > 50.73558598902108 AND
dfes.lat < 51.25589899305906 
nschools: 332
SELECT dfes.*, ofsted.url AS ofsted_url, ofsted.type AS ofsted_type FROM dfes,ofsted WHERE
dfes.name = ofsted.name AND dfes.postcode = ofsted.postcode AND 
dfes.lon > -1.5628051757812502 AND
dfes.lon < -0.8734130859375 AND
dfes.lat > 50.73558598902108 AND
dfes.lat < 51.25589899305906
ORDER BY average_secondary DESC
 LIMIT 20
params: minX maxX minY maxY limit orderBy ofstedType
maxX = -1.0457611083984375
ofstedType = all
minX = -1.3904571533203125
orderBy = average_secondary
minY = 50.86621136799229
limit = 20
maxY = 51.126367518319235
27807 at Tue Sep 19 21:37:09 2006
SELECT count( * ) from dfes,ofsted WHERE 
dfes.name = ofsted.name AND dfes.postcode = ofsted.postcode AND 
dfes.lon > -1.3904571533203125 AND 
dfes.lon < -1.0457611083984375 AND 
dfes.lat > 50.86621136799229 AND
dfes.lat < 51.126367518319235 
nschools: 79
SELECT dfes.*, ofsted.url AS ofsted_url, ofsted.type AS ofsted_type FROM dfes,ofsted WHERE
dfes.name = ofsted.name AND dfes.postcode = ofsted.postcode AND 
dfes.lon > -1.3904571533203125 AND
dfes.lon < -1.0457611083984375 AND
dfes.lat > 50.86621136799229 AND
dfes.lat < 51.126367518319235
ORDER BY average_secondary DESC
 LIMIT 20
params: minX maxX minY maxY limit orderBy ofstedType
maxX = -0.9015655517578125
ofstedType = all
minX = -1.2462615966796875
orderBy = average_secondary
minY = 50.8744445735763
limit = 20
maxY = 51.13455469147684
27807 at Tue Sep 19 21:37:24 2006
SELECT count( * ) from dfes,ofsted WHERE 
dfes.name = ofsted.name AND dfes.postcode = ofsted.postcode AND 
dfes.lon > -1.2462615966796875 AND 
dfes.lon < -0.9015655517578125 AND 
dfes.lat > 50.8744445735763 AND
dfes.lat < 51.13455469147684 
nschools: 24
SELECT dfes.*, ofsted.url AS ofsted_url, ofsted.type AS ofsted_type FROM dfes,ofsted WHERE
dfes.name = ofsted.name AND dfes.postcode = ofsted.postcode AND 
dfes.lon > -1.2462615966796875 AND
dfes.lon < -0.9015655517578125 AND
dfes.lat > 50.8744445735763 AND
dfes.lat < 51.13455469147684
ORDER BY average_secondary DESC
 LIMIT 20
params: minX maxX minY maxY limit orderBy ofstedType
maxX = -0.7450103759765624
ofstedType = all
minX = -1.0897064208984375
orderBy = average_secondary
minY = 50.84844002182927
limit = 20
maxY = 51.10869551483187
27807 at Tue Sep 19 21:37:29 2006
SELECT count( * ) from dfes,ofsted WHERE 
dfes.name = ofsted.name AND dfes.postcode = ofsted.postcode AND 
dfes.lon > -1.0897064208984375 AND 
dfes.lon < -0.7450103759765624 AND 
dfes.lat > 50.84844002182927 AND
dfes.lat < 51.10869551483187 
nschools: 45
SELECT dfes.*, ofsted.url AS ofsted_url, ofsted.type AS ofsted_type FROM dfes,ofsted WHERE
dfes.name = ofsted.name AND dfes.postcode = ofsted.postcode AND 
dfes.lon > -1.0897064208984375 AND
dfes.lon < -0.7450103759765624 AND
dfes.lat > 50.84844002182927 AND
dfes.lat < 51.10869551483187
ORDER BY average_secondary DESC
 LIMIT 20
params: minX maxX minY maxY limit orderBy ofstedType
maxX = -0.7450103759765624
ofstedType = all
minX = -1.0897064208984375
orderBy = average_secondary
minY = 50.84844002182927
limit = 10
maxY = 51.10869551483187
27808 at Tue Sep 19 21:38:19 2006
SELECT count( * ) from dfes,ofsted WHERE 
dfes.name = ofsted.name AND dfes.postcode = ofsted.postcode AND 
dfes.lon > -1.0897064208984375 AND 
dfes.lon < -0.7450103759765624 AND 
dfes.lat > 50.84844002182927 AND
dfes.lat < 51.10869551483187 
nschools: 45
SELECT dfes.*, ofsted.url AS ofsted_url, ofsted.type AS ofsted_type FROM dfes,ofsted WHERE
dfes.name = ofsted.name AND dfes.postcode = ofsted.postcode AND 
dfes.lon > -1.0897064208984375 AND
dfes.lon < -0.7450103759765624 AND
dfes.lat > 50.84844002182927 AND
dfes.lat < 51.10869551483187
ORDER BY average_secondary DESC
 LIMIT 10
params: minX maxX minY maxY limit orderBy ofstedType
maxX = -0.8287811279296874
ofstedType = all
minX = -1.1734771728515625
orderBy = average_secondary
minY = 50.7699050714791
limit = 10
maxY = 51.03059928118412
25678 at Tue Sep 19 21:39:06 2006
SELECT count( * ) from dfes,ofsted WHERE 
dfes.name = ofsted.name AND dfes.postcode = ofsted.postcode AND 
dfes.lon > -1.1734771728515625 AND 
dfes.lon < -0.8287811279296874 AND 
dfes.lat > 50.7699050714791 AND
dfes.lat < 51.03059928118412 
nschools: 118
SELECT dfes.*, ofsted.url AS ofsted_url, ofsted.type AS ofsted_type FROM dfes,ofsted WHERE
dfes.name = ofsted.name AND dfes.postcode = ofsted.postcode AND 
dfes.lon > -1.1734771728515625 AND
dfes.lon < -0.8287811279296874 AND
dfes.lat > 50.7699050714791 AND
dfes.lat < 51.03059928118412
ORDER BY average_secondary DESC
 LIMIT 10
params: minX maxX minY maxY limit orderBy ofstedType
maxX = -0.7910156249999999
ofstedType = all
minX = -1.135711669921875
orderBy = average_secondary
minY = 50.817215413611876
limit = 10
maxY = 51.07764539352731
25678 at Tue Sep 19 21:39:19 2006
SELECT count( * ) from dfes,ofsted WHERE 
dfes.name = ofsted.name AND dfes.postcode = ofsted.postcode AND 
dfes.lon > -1.135711669921875 AND 
dfes.lon < -0.7910156249999999 AND 
dfes.lat > 50.817215413611876 AND
dfes.lat < 51.07764539352731 
nschools: 74
SELECT dfes.*, ofsted.url AS ofsted_url, ofsted.type AS ofsted_type FROM dfes,ofsted WHERE
dfes.name = ofsted.name AND dfes.postcode = ofsted.postcode AND 
dfes.lon > -1.135711669921875 AND
dfes.lon < -0.7910156249999999 AND
dfes.lat > 50.817215413611876 AND
dfes.lat < 51.07764539352731
ORDER BY average_secondary DESC
 LIMIT 10
params: minX maxX minY maxY limit orderBy ofstedType
maxX = -0.899505615234375
ofstedType = all
minX = -1.24420166015625
orderBy = average_secondary
minY = 50.700371939869676
limit = 10
maxY = 50.96145417441552
25678 at Tue Sep 19 21:39:33 2006
SELECT count( * ) from dfes,ofsted WHERE 
dfes.name = ofsted.name AND dfes.postcode = ofsted.postcode AND 
dfes.lon > -1.24420166015625 AND 
dfes.lon < -0.899505615234375 AND 
dfes.lat > 50.700371939869676 AND
dfes.lat < 50.96145417441552 
nschools: 130
SELECT dfes.*, ofsted.url AS ofsted_url, ofsted.type AS ofsted_type FROM dfes,ofsted WHERE
dfes.name = ofsted.name AND dfes.postcode = ofsted.postcode AND 
dfes.lon > -1.24420166015625 AND
dfes.lon < -0.899505615234375 AND
dfes.lat > 50.700371939869676 AND
dfes.lat < 50.96145417441552
ORDER BY average_secondary DESC
 LIMIT 10
params: minX maxX minY maxY limit orderBy ofstedType
maxX = -0.899505615234375
ofstedType = secondary
minX = -1.24420166015625
orderBy = average_secondary
minY = 50.700371939869676
limit = 10
maxY = 50.96145417441552
ofstedType: secondary
25677 at Tue Sep 19 21:40:26 2006
SELECT count( * ) from dfes,ofsted WHERE 
dfes.name = ofsted.name AND dfes.postcode = ofsted.postcode AND ofsted.type = 'secondary' AND 
dfes.lon > -1.24420166015625 AND 
dfes.lon < -0.899505615234375 AND 
dfes.lat > 50.700371939869676 AND
dfes.lat < 50.96145417441552 
nschools: 33
SELECT dfes.*, ofsted.url AS ofsted_url, ofsted.type AS ofsted_type FROM dfes,ofsted WHERE
dfes.name = ofsted.name AND dfes.postcode = ofsted.postcode AND ofsted.type = 'secondary' AND 
dfes.lon > -1.24420166015625 AND
dfes.lon < -0.899505615234375 AND
dfes.lat > 50.700371939869676 AND
dfes.lat < 50.96145417441552
ORDER BY average_secondary DESC
 LIMIT 10
params: minX maxX minY maxY limit orderBy ofstedType
ofstedType = primary
maxX = -0.899505615234375
minX = -1.24420166015625
orderBy = average_primary
minY = 50.700371939869676
limit = 10
maxY = 50.96145417441552
ofstedType: primary
25762 at Tue Sep 19 21:40:44 2006
SELECT count( * ) from dfes,ofsted WHERE 
dfes.name = ofsted.name AND dfes.postcode = ofsted.postcode AND ofsted.type = 'primary' AND 
dfes.lon > -1.24420166015625 AND 
dfes.lon < -0.899505615234375 AND 
dfes.lat > 50.700371939869676 AND
dfes.lat < 50.96145417441552 
nschools: 76
SELECT dfes.*, ofsted.url AS ofsted_url, ofsted.type AS ofsted_type FROM dfes,ofsted WHERE
dfes.name = ofsted.name AND dfes.postcode = ofsted.postcode AND ofsted.type = 'primary' AND 
dfes.lon > -1.24420166015625 AND
dfes.lon < -0.899505615234375 AND
dfes.lat > 50.700371939869676 AND
dfes.lat < 50.96145417441552
ORDER BY average_primary DESC
 LIMIT 10
params: minX maxX minY maxY limit orderBy ofstedType
maxX = -0.9860229492187501
ofstedType = secondary
minX = -1.330718994140625
orderBy = average_secondary
minY = 50.765996572562095
limit = 10
maxY = 51.02671260348006
ofstedType: secondary
25679 at Tue Sep 19 21:41:16 2006
SELECT count( * ) from dfes,ofsted WHERE 
dfes.name = ofsted.name AND dfes.postcode = ofsted.postcode AND ofsted.type = 'secondary' AND 
dfes.lon > -1.330718994140625 AND 
dfes.lon < -0.9860229492187501 AND 
dfes.lat > 50.765996572562095 AND
dfes.lat < 51.02671260348006 
nschools: 29
SELECT dfes.*, ofsted.url AS ofsted_url, ofsted.type AS ofsted_type FROM dfes,ofsted WHERE
dfes.name = ofsted.name AND dfes.postcode = ofsted.postcode AND ofsted.type = 'secondary' AND 
dfes.lon > -1.330718994140625 AND
dfes.lon < -0.9860229492187501 AND
dfes.lat > 50.765996572562095 AND
dfes.lat < 51.02671260348006
ORDER BY average_secondary DESC
 LIMIT 10
params: minX maxX minY maxY limit orderBy ofstedType
maxX = -1.1130523681640625
ofstedType = secondary
minX = -1.4577484130859375
orderBy = average_secondary
minY = 50.8154801006505
limit = 10
maxY = 51.07591977545678
ofstedType: secondary
25679 at Tue Sep 19 21:41:20 2006
SELECT count( * ) from dfes,ofsted WHERE 
dfes.name = ofsted.name AND dfes.postcode = ofsted.postcode AND ofsted.type = 'secondary' AND 
dfes.lon > -1.4577484130859375 AND 
dfes.lon < -1.1130523681640625 AND 
dfes.lat > 50.8154801006505 AND
dfes.lat < 51.07591977545678 
nschools: 31
SELECT dfes.*, ofsted.url AS ofsted_url, ofsted.type AS ofsted_type FROM dfes,ofsted WHERE
dfes.name = ofsted.name AND dfes.postcode = ofsted.postcode AND ofsted.type = 'secondary' AND 
dfes.lon > -1.4577484130859375 AND
dfes.lon < -1.1130523681640625 AND
dfes.lat > 50.8154801006505 AND
dfes.lat < 51.07591977545678
ORDER BY average_secondary DESC
 LIMIT 10
params: minX maxX minY maxY limit orderBy ofstedType
maxX = -1.113739013671875
ofstedType = secondary
minX = -1.45843505859375
orderBy = average_secondary
minY = 50.88051021557966
limit = 10
maxY = 51.14058641664556
ofstedType: secondary
25679 at Tue Sep 19 21:41:26 2006
SELECT count( * ) from dfes,ofsted WHERE 
dfes.name = ofsted.name AND dfes.postcode = ofsted.postcode AND ofsted.type = 'secondary' AND 
dfes.lon > -1.45843505859375 AND 
dfes.lon < -1.113739013671875 AND 
dfes.lat > 50.88051021557966 AND
dfes.lat < 51.14058641664556 
nschools: 21
SELECT dfes.*, ofsted.url AS ofsted_url, ofsted.type AS ofsted_type FROM dfes,ofsted WHERE
dfes.name = ofsted.name AND dfes.postcode = ofsted.postcode AND ofsted.type = 'secondary' AND 
dfes.lon > -1.45843505859375 AND
dfes.lon < -1.113739013671875 AND
dfes.lat > 50.88051021557966 AND
dfes.lat < 51.14058641664556
ORDER BY average_secondary DESC
 LIMIT 10
params: minX maxX minY maxY limit orderBy ofstedType
maxX = -1.113739013671875
ofstedType = secondary
minX = -1.45843505859375
orderBy = average_16to18
minY = 50.88051021557966
limit = 10
maxY = 51.14058641664556
ofstedType: secondary
26110 at Tue Sep 19 21:41:47 2006
SELECT count( * ) from dfes,ofsted WHERE 
dfes.name = ofsted.name AND dfes.postcode = ofsted.postcode AND ofsted.type = 'secondary' AND 
dfes.lon > -1.45843505859375 AND 
dfes.lon < -1.113739013671875 AND 
dfes.lat > 50.88051021557966 AND
dfes.lat < 51.14058641664556 
nschools: 21
SELECT dfes.*, ofsted.url AS ofsted_url, ofsted.type AS ofsted_type FROM dfes,ofsted WHERE
dfes.name = ofsted.name AND dfes.postcode = ofsted.postcode AND ofsted.type = 'secondary' AND 
dfes.lon > -1.45843505859375 AND
dfes.lon < -1.113739013671875 AND
dfes.lat > 50.88051021557966 AND
dfes.lat < 51.14058641664556
ORDER BY average_16to18 DESC
 LIMIT 10
params: minX maxX minY maxY limit orderBy ofstedType
maxX = -1.286773681640625
ofstedType = secondary
minX = -1.6314697265625
orderBy = average_secondary
minY = 50.85884358291
limit = 10
maxY = 51.11904092252057
ofstedType: secondary
27807 at Tue Sep 19 21:42:19 2006
SELECT count( * ) from dfes,ofsted WHERE 
dfes.name = ofsted.name AND dfes.postcode = ofsted.postcode AND ofsted.type = 'secondary' AND 
dfes.lon > -1.6314697265625 AND 
dfes.lon < -1.286773681640625 AND 
dfes.lat > 50.85884358291 AND
dfes.lat < 51.11904092252057 
nschools: 29
SELECT dfes.*, ofsted.url AS ofsted_url, ofsted.type AS ofsted_type FROM dfes,ofsted WHERE
dfes.name = ofsted.name AND dfes.postcode = ofsted.postcode AND ofsted.type = 'secondary' AND 
dfes.lon > -1.6314697265625 AND
dfes.lon < -1.286773681640625 AND
dfes.lat > 50.85884358291 AND
dfes.lat < 51.11904092252057
ORDER BY average_secondary DESC
 LIMIT 10
params: minX maxX minY maxY limit orderBy ofstedType
maxX = -1.3729476928710937
ofstedType = secondary
minX = -1.545295715332031
orderBy = average_secondary
minY = 50.92402968601044
limit = 10
maxY = 51.05412831189872
ofstedType: secondary
27807 at Tue Sep 19 21:42:34 2006
SELECT count( * ) from dfes,ofsted WHERE 
dfes.name = ofsted.name AND dfes.postcode = ofsted.postcode AND ofsted.type = 'secondary' AND 
dfes.lon > -1.545295715332031 AND 
dfes.lon < -1.3729476928710937 AND 
dfes.lat > 50.92402968601044 AND
dfes.lat < 51.05412831189872 
nschools: 8
SELECT dfes.*, ofsted.url AS ofsted_url, ofsted.type AS ofsted_type FROM dfes,ofsted WHERE
dfes.name = ofsted.name AND dfes.postcode = ofsted.postcode AND ofsted.type = 'secondary' AND 
dfes.lon > -1.545295715332031 AND
dfes.lon < -1.3729476928710937 AND
dfes.lat > 50.92402968601044 AND
dfes.lat < 51.05412831189872
ORDER BY average_secondary DESC
 LIMIT 10
params: minX maxX minY maxY limit orderBy ofstedType
maxX = -1.4618682861328125
ofstedType = secondary
minX = -1.63421630859375
orderBy = average_secondary
minY = 50.92900693240739
limit = 10
maxY = 51.059091626472274
ofstedType: secondary
27807 at Tue Sep 19 21:42:50 2006
SELECT count( * ) from dfes,ofsted WHERE 
dfes.name = ofsted.name AND dfes.postcode = ofsted.postcode AND ofsted.type = 'secondary' AND 
dfes.lon > -1.63421630859375 AND 
dfes.lon < -1.4618682861328125 AND 
dfes.lat > 50.92900693240739 AND
dfes.lat < 51.059091626472274 
nschools: 2
SELECT dfes.*, ofsted.url AS ofsted_url, ofsted.type AS ofsted_type FROM dfes,ofsted WHERE
dfes.name = ofsted.name AND dfes.postcode = ofsted.postcode AND ofsted.type = 'secondary' AND 
dfes.lon > -1.63421630859375 AND
dfes.lon < -1.4618682861328125 AND
dfes.lat > 50.92900693240739 AND
dfes.lat < 51.059091626472274
ORDER BY average_secondary DESC
 LIMIT 10
params: minX maxX minY maxY limit orderBy ofstedType
maxX = -1.4618682861328125
ofstedType = independent
minX = -1.63421630859375
orderBy = average_16to18
minY = 50.92900693240739
limit = 10
maxY = 51.059091626472274
ofstedType: independent
27807 at Tue Sep 19 21:43:04 2006
SELECT count( * ) from dfes,ofsted WHERE 
dfes.name = ofsted.name AND dfes.postcode = ofsted.postcode AND ofsted.type = 'independent' AND 
dfes.lon > -1.63421630859375 AND 
dfes.lon < -1.4618682861328125 AND 
dfes.lat > 50.92900693240739 AND
dfes.lat < 51.059091626472274 
nschools: 0
SELECT dfes.*, ofsted.url AS ofsted_url, ofsted.type AS ofsted_type FROM dfes,ofsted WHERE
dfes.name = ofsted.name AND dfes.postcode = ofsted.postcode AND ofsted.type = 'independent' AND 
dfes.lon > -1.63421630859375 AND
dfes.lon < -1.4618682861328125 AND
dfes.lat > 50.92900693240739 AND
dfes.lat < 51.059091626472274
ORDER BY average_16to18 DESC
 LIMIT 10
params: minX maxX minY maxY limit orderBy ofstedType
maxX = -1.4618682861328125
ofstedType = primary
minX = -1.63421630859375
orderBy = average_primary
minY = 50.92900693240739
limit = 10
maxY = 51.059091626472274
ofstedType: primary
27807 at Tue Sep 19 21:43:14 2006
SELECT count( * ) from dfes,ofsted WHERE 
dfes.name = ofsted.name AND dfes.postcode = ofsted.postcode AND ofsted.type = 'primary' AND 
dfes.lon > -1.63421630859375 AND 
dfes.lon < -1.4618682861328125 AND 
dfes.lat > 50.92900693240739 AND
dfes.lat < 51.059091626472274 
nschools: 9
SELECT dfes.*, ofsted.url AS ofsted_url, ofsted.type AS ofsted_type FROM dfes,ofsted WHERE
dfes.name = ofsted.name AND dfes.postcode = ofsted.postcode AND ofsted.type = 'primary' AND 
dfes.lon > -1.63421630859375 AND
dfes.lon < -1.4618682861328125 AND
dfes.lat > 50.92900693240739 AND
dfes.lat < 51.059091626472274
ORDER BY average_primary DESC
 LIMIT 10
params: minX maxX minY maxY limit orderBy ofstedType
maxX = -1.4618682861328125
ofstedType = primary
minX = -1.63421630859375
orderBy = average_secondary
minY = 50.92900693240739
limit = 10
maxY = 51.059091626472274
ofstedType: primary
27807 at Tue Sep 19 21:43:23 2006
SELECT count( * ) from dfes,ofsted WHERE 
dfes.name = ofsted.name AND dfes.postcode = ofsted.postcode AND ofsted.type = 'primary' AND 
dfes.lon > -1.63421630859375 AND 
dfes.lon < -1.4618682861328125 AND 
dfes.lat > 50.92900693240739 AND
dfes.lat < 51.059091626472274 
nschools: 9
SELECT dfes.*, ofsted.url AS ofsted_url, ofsted.type AS ofsted_type FROM dfes,ofsted WHERE
dfes.name = ofsted.name AND dfes.postcode = ofsted.postcode AND ofsted.type = 'primary' AND 
dfes.lon > -1.63421630859375 AND
dfes.lon < -1.4618682861328125 AND
dfes.lat > 50.92900693240739 AND
dfes.lat < 51.059091626472274
ORDER BY average_secondary DESC
 LIMIT 10
params: minX maxX minY maxY limit orderBy ofstedType
maxX = -1.3176727294921875
ofstedType = independent
minX = -1.4900207519531247
orderBy = average_16to18
minY = 50.92554455650557
limit = 10
maxY = 51.055638942219375
ofstedType: independent
25680 at Tue Sep 19 21:47:19 2006
SELECT count( * ) from dfes,ofsted WHERE 
dfes.name = ofsted.name AND dfes.postcode = ofsted.postcode AND ofsted.type = 'independent' AND 
dfes.lon > -1.4900207519531247 AND 
dfes.lon < -1.3176727294921875 AND 
dfes.lat > 50.92554455650557 AND
dfes.lat < 51.055638942219375 
nschools: 2
SELECT dfes.*, ofsted.url AS ofsted_url, ofsted.type AS ofsted_type FROM dfes,ofsted WHERE
dfes.name = ofsted.name AND dfes.postcode = ofsted.postcode AND ofsted.type = 'independent' AND 
dfes.lon > -1.4900207519531247 AND
dfes.lon < -1.3176727294921875 AND
dfes.lat > 50.92554455650557 AND
dfes.lat < 51.055638942219375
ORDER BY average_16to18 DESC
 LIMIT 10
params: minX maxX minY maxY limit orderBy ofstedType
maxX = -1.2287521362304687
ofstedType = independent
minX = -1.4011001586914062
orderBy = average_16to18
minY = 51.00360173627192
limit = 10
maxY = 51.13347751477528
ofstedType: independent
25759 at Tue Sep 19 21:48:06 2006
SELECT count( * ) from dfes,ofsted WHERE 
dfes.name = ofsted.name AND dfes.postcode = ofsted.postcode AND ofsted.type = 'independent' AND 
dfes.lon > -1.4011001586914062 AND 
dfes.lon < -1.2287521362304687 AND 
dfes.lat > 51.00360173627192 AND
dfes.lat < 51.13347751477528 
nschools: 2
SELECT dfes.*, ofsted.url AS ofsted_url, ofsted.type AS ofsted_type FROM dfes,ofsted WHERE
dfes.name = ofsted.name AND dfes.postcode = ofsted.postcode AND ofsted.type = 'independent' AND 
dfes.lon > -1.4011001586914062 AND
dfes.lon < -1.2287521362304687 AND
dfes.lat > 51.00360173627192 AND
dfes.lat < 51.13347751477528
ORDER BY average_16to18 DESC
 LIMIT 10
params: minX maxX minY maxY limit orderBy ofstedType
maxX = -1.142578125
ofstedType = independent
minX = -1.4872741699218752
orderBy = average_16to18
minY = 50.93852713736125
limit = 10
maxY = 51.19827878319755
ofstedType: independent
27808 at Tue Sep 19 21:48:39 2006
SELECT count( * ) from dfes,ofsted WHERE 
dfes.name = ofsted.name AND dfes.postcode = ofsted.postcode AND ofsted.type = 'independent' AND 
dfes.lon > -1.4872741699218752 AND 
dfes.lon < -1.142578125 AND 
dfes.lat > 50.93852713736125 AND
dfes.lat < 51.19827878319755 
nschools: 4
SELECT dfes.*, ofsted.url AS ofsted_url, ofsted.type AS ofsted_type FROM dfes,ofsted WHERE
dfes.name = ofsted.name AND dfes.postcode = ofsted.postcode AND ofsted.type = 'independent' AND 
dfes.lon > -1.4872741699218752 AND
dfes.lon < -1.142578125 AND
dfes.lat > 50.93852713736125 AND
dfes.lat < 51.19827878319755
ORDER BY average_16to18 DESC
 LIMIT 10
params: minX maxX minY maxY limit orderBy ofstedType
ofstedType = independent
maxX = -0.96954345703125
minX = -1.658935546875
orderBy = average_16to18
minY = 50.807670394378
limit = 10
maxY = 51.32717923968563
ofstedType: independent
25681 at Tue Sep 19 21:48:59 2006
SELECT count( * ) from dfes,ofsted WHERE 
dfes.name = ofsted.name AND dfes.postcode = ofsted.postcode AND ofsted.type = 'independent' AND 
dfes.lon > -1.658935546875 AND 
dfes.lon < -0.96954345703125 AND 
dfes.lat > 50.807670394378 AND
dfes.lat < 51.32717923968563 
nschools: 12
SELECT dfes.*, ofsted.url AS ofsted_url, ofsted.type AS ofsted_type FROM dfes,ofsted WHERE
dfes.name = ofsted.name AND dfes.postcode = ofsted.postcode AND ofsted.type = 'independent' AND 
dfes.lon > -1.658935546875 AND
dfes.lon < -0.96954345703125 AND
dfes.lat > 50.807670394378 AND
dfes.lat < 51.32717923968563
ORDER BY average_16to18 DESC
 LIMIT 10
params: minX maxX minY maxY limit orderBy ofstedType
ofstedType = independent
maxX = -0.8377075195312499
minX = -1.5270996093749997
orderBy = average_16to18
minY = 50.79204706440684
limit = 10
maxY = 51.311730269032594
ofstedType: independent
25681 at Tue Sep 19 21:49:06 2006
SELECT count( * ) from dfes,ofsted WHERE 
dfes.name = ofsted.name AND dfes.postcode = ofsted.postcode AND ofsted.type = 'independent' AND 
dfes.lon > -1.5270996093749997 AND 
dfes.lon < -0.8377075195312499 AND 
dfes.lat > 50.79204706440684 AND
dfes.lat < 51.311730269032594 
nschools: 17
SELECT dfes.*, ofsted.url AS ofsted_url, ofsted.type AS ofsted_type FROM dfes,ofsted WHERE
dfes.name = ofsted.name AND dfes.postcode = ofsted.postcode AND ofsted.type = 'independent' AND 
dfes.lon > -1.5270996093749997 AND
dfes.lon < -0.8377075195312499 AND
dfes.lat > 50.79204706440684 AND
dfes.lat < 51.311730269032594
ORDER BY average_16to18 DESC
 LIMIT 10
params: minX maxX minY maxY limit orderBy ofstedType
maxX = -0.8377075195312499
ofstedType = secondary
minX = -1.5270996093749997
orderBy = average_secondary
minY = 50.79204706440684
limit = 10
maxY = 51.311730269032594
ofstedType: secondary
25678 at Tue Sep 19 21:50:21 2006
SELECT count( * ) from dfes,ofsted WHERE 
dfes.name = ofsted.name AND dfes.postcode = ofsted.postcode AND ofsted.type = 'secondary' AND 
dfes.lon > -1.5270996093749997 AND 
dfes.lon < -0.8377075195312499 AND 
dfes.lat > 50.79204706440684 AND
dfes.lat < 51.311730269032594 
nschools: 78
SELECT dfes.*, ofsted.url AS ofsted_url, ofsted.type AS ofsted_type FROM dfes,ofsted WHERE
dfes.name = ofsted.name AND dfes.postcode = ofsted.postcode AND ofsted.type = 'secondary' AND 
dfes.lon > -1.5270996093749997 AND
dfes.lon < -0.8377075195312499 AND
dfes.lat > 50.79204706440684 AND
dfes.lat < 51.311730269032594
ORDER BY average_secondary DESC
 LIMIT 10
params: minX maxX minY maxY limit orderBy ofstedType
maxX = -0.8377075195312499
ofstedType = secondary
minX = -1.5270996093749997
orderBy = average_primary
minY = 50.79204706440684
limit = 10
maxY = 51.311730269032594
ofstedType: secondary
25677 at Tue Sep 19 21:51:06 2006
SELECT count( * ) from dfes,ofsted WHERE 
dfes.name = ofsted.name AND dfes.postcode = ofsted.postcode AND ofsted.type = 'secondary' AND 
dfes.lon > -1.5270996093749997 AND 
dfes.lon < -0.8377075195312499 AND 
dfes.lat > 50.79204706440684 AND
dfes.lat < 51.311730269032594 
nschools: 78
SELECT dfes.*, ofsted.url AS ofsted_url, ofsted.type AS ofsted_type FROM dfes,ofsted WHERE
dfes.name = ofsted.name AND dfes.postcode = ofsted.postcode AND ofsted.type = 'secondary' AND 
dfes.lon > -1.5270996093749997 AND
dfes.lon < -0.8377075195312499 AND
dfes.lat > 50.79204706440684 AND
dfes.lat < 51.311730269032594
ORDER BY average_primary DESC
 LIMIT 10
params: minX maxX minY maxY limit orderBy ofstedType
ofstedType = independent
maxX = -1.18377685546875
minX = -1.8731689453125002
orderBy = average_16to18
minY = 50.78336517951858
limit = 10
maxY = 51.30314525919905
ofstedType: independent
25762 at Tue Sep 19 21:56:29 2006
SELECT count( * ) from dfes,ofsted WHERE 
dfes.name = ofsted.name AND dfes.postcode = ofsted.postcode AND ofsted.type = 'independent' AND 
dfes.lon > -1.8731689453125002 AND 
dfes.lon < -1.18377685546875 AND 
dfes.lat > 50.78336517951858 AND
dfes.lat < 51.30314525919905 
nschools: 12
SELECT dfes.*, ofsted.url AS ofsted_url, ofsted.type AS ofsted_type FROM dfes,ofsted WHERE
dfes.name = ofsted.name AND dfes.postcode = ofsted.postcode AND ofsted.type = 'independent' AND 
dfes.lon > -1.8731689453125002 AND
dfes.lon < -1.18377685546875 AND
dfes.lat > 50.78336517951858 AND
dfes.lat < 51.30314525919905
ORDER BY average_16to18 DESC
 LIMIT 10
params: minX maxX minY maxY limit orderBy ofstedType
maxX = -1.18377685546875
ofstedType = secondary
minX = -1.8731689453125002
orderBy = average_secondary
minY = 50.78336517951858
limit = 10
maxY = 51.30314525919905
ofstedType: secondary
25679 at Tue Sep 19 21:57:11 2006
SELECT count( * ) from dfes,ofsted WHERE 
dfes.name = ofsted.name AND dfes.postcode = ofsted.postcode AND ofsted.type = 'secondary' AND 
dfes.lon > -1.8731689453125002 AND 
dfes.lon < -1.18377685546875 AND 
dfes.lat > 50.78336517951858 AND
dfes.lat < 51.30314525919905 
nschools: 49
SELECT dfes.*, ofsted.url AS ofsted_url, ofsted.type AS ofsted_type FROM dfes,ofsted WHERE
dfes.name = ofsted.name AND dfes.postcode = ofsted.postcode AND ofsted.type = 'secondary' AND 
dfes.lon > -1.8731689453125002 AND
dfes.lon < -1.18377685546875 AND
dfes.lat > 50.78336517951858 AND
dfes.lat < 51.30314525919905
ORDER BY average_secondary DESC
 LIMIT 10
params: minX maxX minY maxY limit orderBy ofstedType
maxX = -1.2016296386718752
ofstedType = secondary
minX = -1.891021728515625
orderBy = average_secondary
minY = 50.676446081714474
limit = 10
maxY = 51.19741823362484
ofstedType: secondary
26110 at Tue Sep 19 22:00:41 2006
SELECT count( * ) from dfes,ofsted WHERE 
dfes.name = ofsted.name AND dfes.postcode = ofsted.postcode AND ofsted.type = 'secondary' AND 
dfes.lon > -1.891021728515625 AND 
dfes.lon < -1.2016296386718752 AND 
dfes.lat > 50.676446081714474 AND
dfes.lat < 51.19741823362484 
nschools: 62
SELECT dfes.*, ofsted.url AS ofsted_url, ofsted.type AS ofsted_type FROM dfes,ofsted WHERE
dfes.name = ofsted.name AND dfes.postcode = ofsted.postcode AND ofsted.type = 'secondary' AND 
dfes.lon > -1.891021728515625 AND
dfes.lon < -1.2016296386718752 AND
dfes.lat > 50.676446081714474 AND
dfes.lat < 51.19741823362484
ORDER BY average_secondary DESC
 LIMIT 10
params: minX maxX minY maxY limit orderBy ofstedType
maxX = -1.3739776611328127
ofstedType = secondary
minX = -1.7186737060546872
orderBy = average_secondary
minY = 50.80723648352111
limit = 10
maxY = 51.06772221074258
ofstedType: secondary
26110 at Tue Sep 19 22:00:47 2006
SELECT count( * ) from dfes,ofsted WHERE 
dfes.name = ofsted.name AND dfes.postcode = ofsted.postcode AND ofsted.type = 'secondary' AND 
dfes.lon > -1.7186737060546872 AND 
dfes.lon < -1.3739776611328127 AND 
dfes.lat > 50.80723648352111 AND
dfes.lat < 51.06772221074258 
nschools: 14
SELECT dfes.*, ofsted.url AS ofsted_url, ofsted.type AS ofsted_type FROM dfes,ofsted WHERE
dfes.name = ofsted.name AND dfes.postcode = ofsted.postcode AND ofsted.type = 'secondary' AND 
dfes.lon > -1.7186737060546872 AND
dfes.lon < -1.3739776611328127 AND
dfes.lat > 50.80723648352111 AND
dfes.lat < 51.06772221074258
ORDER BY average_secondary DESC
 LIMIT 10
params: minX maxX minY maxY limit orderBy ofstedType
maxX = -1.3005065917968752
ofstedType = secondary
minX = -1.6452026367187497
orderBy = average_secondary
minY = 50.8154801006505
limit = 10
maxY = 51.07591977545678
ofstedType: secondary
26110 at Tue Sep 19 22:00:54 2006
SELECT count( * ) from dfes,ofsted WHERE 
dfes.name = ofsted.name AND dfes.postcode = ofsted.postcode AND ofsted.type = 'secondary' AND 
dfes.lon > -1.6452026367187497 AND 
dfes.lon < -1.3005065917968752 AND 
dfes.lat > 50.8154801006505 AND
dfes.lat < 51.07591977545678 
nschools: 27
SELECT dfes.*, ofsted.url AS ofsted_url, ofsted.type AS ofsted_type FROM dfes,ofsted WHERE
dfes.name = ofsted.name AND dfes.postcode = ofsted.postcode AND ofsted.type = 'secondary' AND 
dfes.lon > -1.6452026367187497 AND
dfes.lon < -1.3005065917968752 AND
dfes.lat > 50.8154801006505 AND
dfes.lat < 51.07591977545678
ORDER BY average_secondary DESC
 LIMIT 10
params: minX maxX minY maxY limit orderBy ofstedType
maxX = -1.3005065917968752
ofstedType = independent
minX = -1.6452026367187497
orderBy = average_16to18
minY = 50.8154801006505
limit = 10
maxY = 51.07591977545678
ofstedType: independent
27807 at Tue Sep 19 22:04:11 2006
SELECT count( * ) from dfes,ofsted WHERE 
dfes.name = ofsted.name AND dfes.postcode = ofsted.postcode AND ofsted.type = 'independent' AND 
dfes.lon > -1.6452026367187497 AND 
dfes.lon < -1.3005065917968752 AND 
dfes.lat > 50.8154801006505 AND
dfes.lat < 51.07591977545678 
nschools: 6
SELECT dfes.*, ofsted.url AS ofsted_url, ofsted.type AS ofsted_type FROM dfes,ofsted WHERE
dfes.name = ofsted.name AND dfes.postcode = ofsted.postcode AND ofsted.type = 'independent' AND 
dfes.lon > -1.6452026367187497 AND
dfes.lon < -1.3005065917968752 AND
dfes.lat > 50.8154801006505 AND
dfes.lat < 51.07591977545678
ORDER BY average_16to18 DESC
 LIMIT 10
params: minX maxX minY maxY limit orderBy ofstedType
maxX = -1.3005065917968752
ofstedType = secondary
minX = -1.6452026367187497
orderBy = average_secondary
minY = 50.8154801006505
limit = 10
maxY = 51.07591977545678
ofstedType: secondary
25680 at Tue Sep 19 22:06:15 2006
SELECT count( * ) from dfes,ofsted WHERE 
dfes.name = ofsted.name AND dfes.postcode = ofsted.postcode AND ofsted.type = 'secondary' AND 
dfes.lon > -1.6452026367187497 AND 
dfes.lon < -1.3005065917968752 AND 
dfes.lat > 50.8154801006505 AND
dfes.lat < 51.07591977545678 
nschools: 27
SELECT dfes.*, ofsted.url AS ofsted_url, ofsted.type AS ofsted_type FROM dfes,ofsted WHERE
dfes.name = ofsted.name AND dfes.postcode = ofsted.postcode AND ofsted.type = 'secondary' AND 
dfes.lon > -1.6452026367187497 AND
dfes.lon < -1.3005065917968752 AND
dfes.lat > 50.8154801006505 AND
dfes.lat < 51.07591977545678
ORDER BY average_secondary DESC
 LIMIT 10
params: minX maxX minY maxY limit orderBy ofstedType
maxX = -1.1913299560546875
ofstedType = secondary
minX = -1.5360260009765625
orderBy = average_secondary
minY = 50.88700824161983
limit = 10
maxY = 51.14704810491207
ofstedType: secondary
25759 at Tue Sep 19 22:16:49 2006
SELECT count( * ) from dfes,ofsted WHERE 
dfes.name = ofsted.name AND dfes.postcode = ofsted.postcode AND ofsted.type = 'secondary' AND 
dfes.lon > -1.5360260009765625 AND 
dfes.lon < -1.1913299560546875 AND 
dfes.lat > 50.88700824161983 AND
dfes.lat < 51.14704810491207 
nschools: 26
SELECT dfes.*, ofsted.url AS ofsted_url, ofsted.type AS ofsted_type FROM dfes,ofsted WHERE
dfes.name = ofsted.name AND dfes.postcode = ofsted.postcode AND ofsted.type = 'secondary' AND 
dfes.lon > -1.5360260009765625 AND
dfes.lon < -1.1913299560546875 AND
dfes.lat > 50.88700824161983 AND
dfes.lat < 51.14704810491207
ORDER BY average_secondary DESC
 LIMIT 10
params: minX maxX minY maxY limit orderBy ofstedType
ofstedType = all
maxX = 4.02099609375
minX = -7.009277343749999
orderBy = average_secondary
minY = 48.370847702383664
limit = 20
maxY = 56.413901376006756
25762 at Tue Sep 19 23:04:59 2006
SELECT count( * ) from dfes,ofsted WHERE 
dfes.name = ofsted.name AND dfes.postcode = ofsted.postcode AND 
dfes.lon > -7.009277343749999 AND 
dfes.lon < 4.02099609375 AND 
dfes.lat > 48.370847702383664 AND
dfes.lat < 56.413901376006756 
nschools: 16500
SELECT dfes.*, ofsted.url AS ofsted_url, ofsted.type AS ofsted_type FROM dfes,ofsted WHERE
dfes.name = ofsted.name AND dfes.postcode = ofsted.postcode AND 
dfes.lon > -7.009277343749999 AND
dfes.lon < 4.02099609375 AND
dfes.lat > 48.370847702383664 AND
dfes.lat < 56.413901376006756
ORDER BY average_secondary DESC
 LIMIT 20
params: minX maxX minY maxY limit orderBy ofstedType centreX centreY
maxX = -1.4017868041992187
ofstedType = all
minX = -1.5741348266601562
orderBy = average_secondary
minY = 52.5084899763068
centreY = 51.3899
limit = 20
maxY = 52.63410472081318
centreX = -0.4221
25679 at Tue Sep 19 23:05:35 2006
SELECT count( * ) from dfes,ofsted WHERE 
dfes.name = ofsted.name AND dfes.postcode = ofsted.postcode AND 
dfes.lon > -1.5741348266601562 AND 
dfes.lon < -1.4017868041992187 AND 
dfes.lat > 52.5084899763068 AND
dfes.lat < 52.63410472081318 
nschools: 34
SELECT dfes.*, ofsted.url AS ofsted_url, ofsted.type AS ofsted_type FROM dfes,ofsted WHERE
dfes.name = ofsted.name AND dfes.postcode = ofsted.postcode AND 
dfes.lon > -1.5741348266601562 AND
dfes.lon < -1.4017868041992187 AND
dfes.lat > 52.5084899763068 AND
dfes.lat < 52.63410472081318
ORDER BY average_secondary DESC
 LIMIT 20
params: minX maxX minY maxY limit orderBy ofstedType centreX centreY
maxX = -0.33576965332031244
ofstedType = all
minX = -0.50811767578125
orderBy = distance
minY = 51.3254629443313
centreY = 51.3899
limit = 20
maxY = 51.454434786162594
centreX = -0.4221
25679 at Tue Sep 19 23:05:36 2006
SELECT count( * ) from dfes,ofsted WHERE 
dfes.name = ofsted.name AND dfes.postcode = ofsted.postcode AND 
dfes.lon > -0.50811767578125 AND 
dfes.lon < -0.33576965332031244 AND 
dfes.lat > 51.3254629443313 AND
dfes.lat < 51.454434786162594 
params: minX maxX minY maxY limit orderBy ofstedType centreX centreY
maxX = -0.33576965332031244
ofstedType = all
minX = -0.50811767578125
orderBy = average_secondary
minY = 51.3254629443313
centreY = 51.3899
limit = 20
maxY = 51.454434786162594
centreX = -0.4221
26110 at Tue Sep 19 23:05:36 2006
SELECT count( * ) from dfes,ofsted WHERE 
dfes.name = ofsted.name AND dfes.postcode = ofsted.postcode AND 
dfes.lon > -0.50811767578125 AND 
dfes.lon < -0.33576965332031244 AND 
dfes.lat > 51.3254629443313 AND
dfes.lat < 51.454434786162594 
nschools: 95
51.3899, 51.3899, -0.4221
SELECT 
    dfes.*, ofsted.url AS ofsted_url, ofsted.type AS ofsted_type,
    acos( ( sin( ? ) * sin( dfes.lat ) ) + ( cos( ? ) * cos( dfes.lat ) * cos( dfes.lon - ? ) ) ) AS cos_dist
FROM dfes,ofsted WHERE
dfes.name = ofsted.name AND dfes.postcode = ofsted.postcode AND 
dfes.lon > -0.50811767578125 AND 
dfes.lon < -0.33576965332031244 AND 
dfes.lat > 51.3254629443313 AND
dfes.lat < 51.454434786162594
ORDER BY cos_dist
 LIMIT 20 at /var/www/www.schoolmap.org.uk/lib/Schools.pm line 135.
nschools: 95
SELECT dfes.*, ofsted.url AS ofsted_url, ofsted.type AS ofsted_type FROM dfes,ofsted WHERE
dfes.name = ofsted.name AND dfes.postcode = ofsted.postcode AND 
dfes.lon > -0.50811767578125 AND
dfes.lon < -0.33576965332031244 AND
dfes.lat > 51.3254629443313 AND
dfes.lat < 51.454434786162594
ORDER BY average_secondary DESC
 LIMIT 20
params: minX maxX minY maxY limit orderBy ofstedType
ofstedType = all
maxX = 4.02099609375
minX = -7.009277343749999
orderBy = average_secondary
minY = 48.370847702383664
limit = 20
maxY = 56.413901376006756
25681 at Tue Sep 19 23:44:08 2006
SELECT count( * ) from dfes,ofsted WHERE 
dfes.name = ofsted.name AND dfes.postcode = ofsted.postcode AND 
dfes.lon > -7.009277343749999 AND 
dfes.lon < 4.02099609375 AND 
dfes.lat > 48.370847702383664 AND
dfes.lat < 56.413901376006756 
nschools: 16500
SELECT dfes.*, ofsted.url AS ofsted_url, ofsted.type AS ofsted_type FROM dfes,ofsted WHERE
dfes.name = ofsted.name AND dfes.postcode = ofsted.postcode AND 
dfes.lon > -7.009277343749999 AND
dfes.lon < 4.02099609375 AND
dfes.lat > 48.370847702383664 AND
dfes.lat < 56.413901376006756
ORDER BY average_secondary DESC
 LIMIT 20
params: minX maxX minY maxY limit orderBy ofstedType centreX centreY
maxX = -1.4017868041992187
ofstedType = all
minX = -1.5741348266601562
minY = 52.5084899763068
orderBy = average_secondary
limit = 20
centreY = 51.3899
maxY = 52.63410472081318
centreX = -0.4221
25681 at Tue Sep 19 23:44:26 2006
SELECT count( * ) from dfes,ofsted WHERE 
dfes.name = ofsted.name AND dfes.postcode = ofsted.postcode AND 
dfes.lon > -1.5741348266601562 AND 
dfes.lon < -1.4017868041992187 AND 
dfes.lat > 52.5084899763068 AND
dfes.lat < 52.63410472081318 
nschools: 34
SELECT dfes.*, ofsted.url AS ofsted_url, ofsted.type AS ofsted_type FROM dfes,ofsted WHERE
dfes.name = ofsted.name AND dfes.postcode = ofsted.postcode AND 
dfes.lon > -1.5741348266601562 AND
dfes.lon < -1.4017868041992187 AND
dfes.lat > 52.5084899763068 AND
dfes.lat < 52.63410472081318
ORDER BY average_secondary DESC
 LIMIT 20
params: minX maxX minY maxY limit orderBy ofstedType centreX centreY
maxX = -0.33576965332031244
ofstedType = all
minX = -0.50811767578125
orderBy = average_secondary
minY = 51.3254629443313
centreY = 51.3899
limit = 20
maxY = 51.454434786162594
centreX = -0.4221
25678 at Tue Sep 19 23:44:26 2006
SELECT count( * ) from dfes,ofsted WHERE 
dfes.name = ofsted.name AND dfes.postcode = ofsted.postcode AND 
dfes.lon > -0.50811767578125 AND 
dfes.lon < -0.33576965332031244 AND 
dfes.lat > 51.3254629443313 AND
dfes.lat < 51.454434786162594 
nschools: 95
SELECT dfes.*, ofsted.url AS ofsted_url, ofsted.type AS ofsted_type FROM dfes,ofsted WHERE
dfes.name = ofsted.name AND dfes.postcode = ofsted.postcode AND 
dfes.lon > -0.50811767578125 AND
dfes.lon < -0.33576965332031244 AND
dfes.lat > 51.3254629443313 AND
dfes.lat < 51.454434786162594
ORDER BY average_secondary DESC
 LIMIT 20
params: minX maxX minY maxY limit orderBy ofstedType centreX centreY
maxX = -0.33576965332031244
ofstedType = all
minX = -0.50811767578125
orderBy = distance
minY = 51.3254629443313
centreY = 51.3899
limit = 20
maxY = 51.454434786162594
centreX = -0.4221
25678 at Tue Sep 19 23:44:26 2006
SELECT count( * ) from dfes,ofsted WHERE 
dfes.name = ofsted.name AND dfes.postcode = ofsted.postcode AND 
dfes.lon > -0.50811767578125 AND 
dfes.lon < -0.33576965332031244 AND 
dfes.lat > 51.3254629443313 AND
dfes.lat < 51.454434786162594 
nschools: 95
51.3899, 51.3899, -0.4221
SELECT 
    dfes.*, ofsted.url AS ofsted_url, ofsted.type AS ofsted_type,
    acos( ( sin( ? ) * sin( dfes.lat ) ) + ( cos( ? ) * cos( dfes.lat ) * cos( dfes.lon - ? ) ) ) AS cos_dist
FROM dfes,ofsted WHERE
dfes.name = ofsted.name AND dfes.postcode = ofsted.postcode AND 
dfes.lon > -0.50811767578125 AND 
dfes.lon < -0.33576965332031244 AND 
dfes.lat > 51.3254629443313 AND
dfes.lat < 51.454434786162594
ORDER BY cos_dist
 LIMIT 20 at /var/www/www.schoolmap.org.uk/lib/Schools.pm line 135.
params: minX maxX minY maxY limit orderBy ofstedType centreX centreY
maxX = -0.33576965332031244
ofstedType = all
minX = -0.50811767578125
orderBy = average_primary
minY = 51.3254629443313
centreY = 51.3899
limit = 20
maxY = 51.454434786162594
centreX = -0.4221
25677 at Tue Sep 19 23:48:30 2006
SELECT count( * ) from dfes,ofsted WHERE 
dfes.name = ofsted.name AND dfes.postcode = ofsted.postcode AND 
dfes.lon > -0.50811767578125 AND 
dfes.lon < -0.33576965332031244 AND 
dfes.lat > 51.3254629443313 AND
dfes.lat < 51.454434786162594 
nschools: 95
SELECT dfes.*, ofsted.url AS ofsted_url, ofsted.type AS ofsted_type FROM dfes,ofsted WHERE
dfes.name = ofsted.name AND dfes.postcode = ofsted.postcode AND 
dfes.lon > -0.50811767578125 AND
dfes.lon < -0.33576965332031244 AND
dfes.lat > 51.3254629443313 AND
dfes.lat < 51.454434786162594
ORDER BY average_primary DESC
 LIMIT 20
params: minX maxX minY maxY limit orderBy ofstedType centreX centreY
maxX = -0.33576965332031244
ofstedType = primary
minX = -0.50811767578125
minY = 51.3254629443313
orderBy = average_primary
limit = 20
centreY = 51.3899
maxY = 51.454434786162594
centreX = -0.4221
ofstedType: primary
25762 at Tue Sep 19 23:49:23 2006
SELECT count( * ) from dfes,ofsted WHERE 
dfes.name = ofsted.name AND dfes.postcode = ofsted.postcode AND ofsted.type = 'primary' AND 
dfes.lon > -0.50811767578125 AND 
dfes.lon < -0.33576965332031244 AND 
dfes.lat > 51.3254629443313 AND
dfes.lat < 51.454434786162594 
nschools: 65
SELECT dfes.*, ofsted.url AS ofsted_url, ofsted.type AS ofsted_type FROM dfes,ofsted WHERE
dfes.name = ofsted.name AND dfes.postcode = ofsted.postcode AND ofsted.type = 'primary' AND 
dfes.lon > -0.50811767578125 AND
dfes.lon < -0.33576965332031244 AND
dfes.lat > 51.3254629443313 AND
dfes.lat < 51.454434786162594
ORDER BY average_primary DESC
 LIMIT 20
params: minX maxX minY maxY limit orderBy ofstedType centreX centreY
maxX = -0.33576965332031244
ofstedType = primary
minX = -0.50811767578125
orderBy = average_primary
minY = 51.3254629443313
centreY = 51.3899
limit = 50
maxY = 51.454434786162594
centreX = -0.4221
ofstedType: primary
26110 at Tue Sep 19 23:49:56 2006
SELECT count( * ) from dfes,ofsted WHERE 
dfes.name = ofsted.name AND dfes.postcode = ofsted.postcode AND ofsted.type = 'primary' AND 
dfes.lon > -0.50811767578125 AND 
dfes.lon < -0.33576965332031244 AND 
dfes.lat > 51.3254629443313 AND
dfes.lat < 51.454434786162594 
nschools: 65
SELECT dfes.*, ofsted.url AS ofsted_url, ofsted.type AS ofsted_type FROM dfes,ofsted WHERE
dfes.name = ofsted.name AND dfes.postcode = ofsted.postcode AND ofsted.type = 'primary' AND 
dfes.lon > -0.50811767578125 AND
dfes.lon < -0.33576965332031244 AND
dfes.lat > 51.3254629443313 AND
dfes.lat < 51.454434786162594
ORDER BY average_primary DESC
 LIMIT 50
params: minX maxX minY maxY limit orderBy ofstedType
maxX = 4.02099609375
ofstedType = all
minX = -7.009277343749999
orderBy = average_secondary
minY = 48.370847702383664
limit = 20
maxY = 56.413901376006756
27808 at Wed Sep 20 01:09:41 2006
SELECT count( * ) from dfes,ofsted WHERE 
dfes.name = ofsted.name AND dfes.postcode = ofsted.postcode AND 
dfes.lon > -7.009277343749999 AND 
dfes.lon < 4.02099609375 AND 
dfes.lat > 48.370847702383664 AND
dfes.lat < 56.413901376006756 
nschools: 16500
SELECT dfes.*, ofsted.url AS ofsted_url, ofsted.type AS ofsted_type FROM dfes,ofsted WHERE
dfes.name = ofsted.name AND dfes.postcode = ofsted.postcode AND 
dfes.lon > -7.009277343749999 AND
dfes.lon < 4.02099609375 AND
dfes.lat > 48.370847702383664 AND
dfes.lat < 56.413901376006756
ORDER BY average_secondary DESC
 LIMIT 20
params: minX maxX minY maxY limit orderBy ofstedType
maxX = 4.02099609375
ofstedType = all
minX = -7.009277343749999
orderBy = average_secondary
minY = 48.370847702383664
limit = 20
maxY = 56.413901376006756
25677 at Wed Sep 20 06:32:57 2006
SELECT count( * ) from dfes,ofsted WHERE 
dfes.name = ofsted.name AND dfes.postcode = ofsted.postcode AND 
dfes.lon > -7.009277343749999 AND 
dfes.lon < 4.02099609375 AND 
dfes.lat > 48.370847702383664 AND
dfes.lat < 56.413901376006756 
nschools: 16500
SELECT dfes.*, ofsted.url AS ofsted_url, ofsted.type AS ofsted_type FROM dfes,ofsted WHERE
dfes.name = ofsted.name AND dfes.postcode = ofsted.postcode AND 
dfes.lon > -7.009277343749999 AND
dfes.lon < 4.02099609375 AND
dfes.lat > 48.370847702383664 AND
dfes.lat < 56.413901376006756
ORDER BY average_secondary DESC
 LIMIT 20
params: minX maxX minY maxY limit orderBy ofstedType
maxX = 4.02099609375
ofstedType = all
minX = -7.009277343749999
orderBy = average_secondary
minY = 48.370847702383664
limit = 20
maxY = 56.413901376006756
25681 at Wed Sep 20 07:20:03 2006
SELECT count( * ) from dfes,ofsted WHERE 
dfes.name = ofsted.name AND dfes.postcode = ofsted.postcode AND 
dfes.lon > -7.009277343749999 AND 
dfes.lon < 4.02099609375 AND 
dfes.lat > 48.370847702383664 AND
dfes.lat < 56.413901376006756 
nschools: 16500
SELECT dfes.*, ofsted.url AS ofsted_url, ofsted.type AS ofsted_type FROM dfes,ofsted WHERE
dfes.name = ofsted.name AND dfes.postcode = ofsted.postcode AND 
dfes.lon > -7.009277343749999 AND
dfes.lon < 4.02099609375 AND
dfes.lat > 48.370847702383664 AND
dfes.lat < 56.413901376006756
ORDER BY average_secondary DESC
 LIMIT 20
params: minX maxX minY maxY limit orderBy ofstedType
maxX = 1.263427734375
ofstedType = all
minX = -4.229736328125
orderBy = average_secondary
minY = 50.52041218671901
limit = 20
maxY = 54.52745749948722
25677 at Wed Sep 20 13:45:23 2006
SELECT count( * ) from dfes,ofsted WHERE 
dfes.name = ofsted.name AND dfes.postcode = ofsted.postcode AND 
dfes.lon > -4.229736328125 AND 
dfes.lon < 1.263427734375 AND 
dfes.lat > 50.52041218671901 AND
dfes.lat < 54.52745749948722 
nschools: 14949
SELECT dfes.*, ofsted.url AS ofsted_url, ofsted.type AS ofsted_type FROM dfes,ofsted WHERE
dfes.name = ofsted.name AND dfes.postcode = ofsted.postcode AND 
dfes.lon > -4.229736328125 AND
dfes.lon < 1.263427734375 AND
dfes.lat > 50.52041218671901 AND
dfes.lat < 54.52745749948722
ORDER BY average_secondary DESC
 LIMIT 20
params: minX maxX minY maxY limit orderBy ofstedType
maxX = 1.263427734375
ofstedType = all
minX = -4.229736328125
orderBy = average_secondary
minY = 50.52041218671901
limit = 20
maxY = 54.52745749948722
26110 at Wed Sep 20 13:53:06 2006
SELECT count( * ) from dfes,ofsted WHERE 
dfes.name = ofsted.name AND dfes.postcode = ofsted.postcode AND 
dfes.lon > -4.229736328125 AND 
dfes.lon < 1.263427734375 AND 
dfes.lat > 50.52041218671901 AND
dfes.lat < 54.52745749948722 
nschools: 14949
SELECT dfes.*, ofsted.url AS ofsted_url, ofsted.type AS ofsted_type FROM dfes,ofsted WHERE
dfes.name = ofsted.name AND dfes.postcode = ofsted.postcode AND 
dfes.lon > -4.229736328125 AND
dfes.lon < 1.263427734375 AND
dfes.lat > 50.52041218671901 AND
dfes.lat < 54.52745749948722
ORDER BY average_secondary DESC
 LIMIT 20
params: minX maxX minY maxY limit orderBy ofstedType
maxX = 1.263427734375
ofstedType = all
minX = -4.229736328125
orderBy = average_secondary
minY = 50.52041218671901
limit = 20
maxY = 54.52745749948722
25679 at Wed Sep 20 13:54:14 2006
SELECT count( * ) from dfes,ofsted WHERE 
dfes.name = ofsted.name AND dfes.postcode = ofsted.postcode AND 
dfes.lon > -4.229736328125 AND 
dfes.lon < 1.263427734375 AND 
dfes.lat > 50.52041218671901 AND
dfes.lat < 54.52745749948722 
nschools: 14949
SELECT dfes.*, ofsted.url AS ofsted_url, ofsted.type AS ofsted_type FROM dfes,ofsted WHERE
dfes.name = ofsted.name AND dfes.postcode = ofsted.postcode AND 
dfes.lon > -4.229736328125 AND
dfes.lon < 1.263427734375 AND
dfes.lat > 50.52041218671901 AND
dfes.lat < 54.52745749948722
ORDER BY average_secondary DESC
 LIMIT 20
params: minX maxX minY maxY limit orderBy ofstedType
maxX = 1.263427734375
ofstedType = all
minX = -4.229736328125
orderBy = average_secondary
minY = 50.52041218671901
limit = 20
maxY = 54.52745749948722
27807 at Wed Sep 20 14:01:02 2006
SELECT count( * ) from dfes,ofsted WHERE 
dfes.name = ofsted.name AND dfes.postcode = ofsted.postcode AND 
dfes.lon > -4.229736328125 AND 
dfes.lon < 1.263427734375 AND 
dfes.lat > 50.52041218671901 AND
dfes.lat < 54.52745749948722 
nschools: 14949
SELECT dfes.*, ofsted.url AS ofsted_url, ofsted.type AS ofsted_type FROM dfes,ofsted WHERE
dfes.name = ofsted.name AND dfes.postcode = ofsted.postcode AND 
dfes.lon > -4.229736328125 AND
dfes.lon < 1.263427734375 AND
dfes.lat > 50.52041218671901 AND
dfes.lat < 54.52745749948722
ORDER BY average_secondary DESC
 LIMIT 20
params: minX maxX minY maxY limit orderBy ofstedType
maxX = 1.263427734375
ofstedType = all
minX = -4.229736328125
orderBy = average_secondary
minY = 50.52041218671901
limit = 20
maxY = 54.52745749948722
25759 at Wed Sep 20 14:01:11 2006
SELECT count( * ) from dfes,ofsted WHERE 
dfes.name = ofsted.name AND dfes.postcode = ofsted.postcode AND 
dfes.lon > -4.229736328125 AND 
dfes.lon < 1.263427734375 AND 
dfes.lat > 50.52041218671901 AND
dfes.lat < 54.52745749948722 
nschools: 14949
SELECT dfes.*, ofsted.url AS ofsted_url, ofsted.type AS ofsted_type FROM dfes,ofsted WHERE
dfes.name = ofsted.name AND dfes.postcode = ofsted.postcode AND 
dfes.lon > -4.229736328125 AND
dfes.lon < 1.263427734375 AND
dfes.lat > 50.52041218671901 AND
dfes.lat < 54.52745749948722
ORDER BY average_secondary DESC
 LIMIT 20
params: minX maxX minY maxY limit orderBy ofstedType
maxX = 1.263427734375
ofstedType = all
minX = -4.229736328125
orderBy = average_secondary
minY = 50.52041218671901
limit = 20
maxY = 54.52745749948722
27808 at Wed Sep 20 14:01:38 2006
SELECT count( * ) from dfes,ofsted WHERE 
dfes.name = ofsted.name AND dfes.postcode = ofsted.postcode AND 
dfes.lon > -4.229736328125 AND 
dfes.lon < 1.263427734375 AND 
dfes.lat > 50.52041218671901 AND
dfes.lat < 54.52745749948722 
nschools: 14949
SELECT dfes.*, ofsted.url AS ofsted_url, ofsted.type AS ofsted_type FROM dfes,ofsted WHERE
dfes.name = ofsted.name AND dfes.postcode = ofsted.postcode AND 
dfes.lon > -4.229736328125 AND
dfes.lon < 1.263427734375 AND
dfes.lat > 50.52041218671901 AND
dfes.lat < 54.52745749948722
ORDER BY average_secondary DESC
 LIMIT 20
params: minX maxX minY maxY limit orderBy ofstedType
maxX = 1.263427734375
ofstedType = all
minX = -4.229736328125
orderBy = average_secondary
minY = 50.52041218671901
limit = 20
maxY = 54.52745749948722
25681 at Wed Sep 20 14:02:47 2006
SELECT count( * ) from dfes,ofsted WHERE 
dfes.name = ofsted.name AND dfes.postcode = ofsted.postcode AND 
dfes.lon > -4.229736328125 AND 
dfes.lon < 1.263427734375 AND 
dfes.lat > 50.52041218671901 AND
dfes.lat < 54.52745749948722 
nschools: 14949
SELECT dfes.*, ofsted.url AS ofsted_url, ofsted.type AS ofsted_type FROM dfes,ofsted WHERE
dfes.name = ofsted.name AND dfes.postcode = ofsted.postcode AND 
dfes.lon > -4.229736328125 AND
dfes.lon < 1.263427734375 AND
dfes.lat > 50.52041218671901 AND
dfes.lat < 54.52745749948722
ORDER BY average_secondary DESC
 LIMIT 20
params: minX maxX minY maxY limit orderBy ofstedType
maxX = 1.263427734375
ofstedType = all
minX = -4.229736328125
orderBy = average_secondary
minY = 50.52041218671901
limit = 20
maxY = 54.52745749948722
25678 at Wed Sep 20 14:04:02 2006
SELECT count( * ) from dfes,ofsted WHERE 
dfes.name = ofsted.name AND dfes.postcode = ofsted.postcode AND 
dfes.lon > -4.229736328125 AND 
dfes.lon < 1.263427734375 AND 
dfes.lat > 50.52041218671901 AND
dfes.lat < 54.52745749948722 
nschools: 14949
SELECT dfes.*, ofsted.url AS ofsted_url, ofsted.type AS ofsted_type FROM dfes,ofsted WHERE
dfes.name = ofsted.name AND dfes.postcode = ofsted.postcode AND 
dfes.lon > -4.229736328125 AND
dfes.lon < 1.263427734375 AND
dfes.lat > 50.52041218671901 AND
dfes.lat < 54.52745749948722
ORDER BY average_secondary DESC
 LIMIT 20
params: minX maxX minY maxY limit orderBy ofstedType
maxX = 1.263427734375
ofstedType = all
minX = -4.229736328125
orderBy = average_secondary
minY = 50.52041218671901
limit = 20
maxY = 54.52745749948722
25677 at Wed Sep 20 14:05:21 2006
SELECT count( * ) from dfes,ofsted WHERE 
dfes.name = ofsted.name AND dfes.postcode = ofsted.postcode AND 
dfes.lon > -4.229736328125 AND 
dfes.lon < 1.263427734375 AND 
dfes.lat > 50.52041218671901 AND
dfes.lat < 54.52745749948722 
nschools: 14949
SELECT dfes.*, ofsted.url AS ofsted_url, ofsted.type AS ofsted_type FROM dfes,ofsted WHERE
dfes.name = ofsted.name AND dfes.postcode = ofsted.postcode AND 
dfes.lon > -4.229736328125 AND
dfes.lon < 1.263427734375 AND
dfes.lat > 50.52041218671901 AND
dfes.lat < 54.52745749948722
ORDER BY average_secondary DESC
 LIMIT 20
params: minX maxX minY maxY limit orderBy ofstedType
maxX = 1.263427734375
ofstedType = all
minX = -4.229736328125
orderBy = average_secondary
minY = 50.52041218671901
limit = 20
maxY = 54.52745749948722
26110 at Wed Sep 20 14:06:25 2006
SELECT count( * ) from dfes,ofsted WHERE 
dfes.name = ofsted.name AND dfes.postcode = ofsted.postcode AND 
dfes.lon > -4.229736328125 AND 
dfes.lon < 1.263427734375 AND 
dfes.lat > 50.52041218671901 AND
dfes.lat < 54.52745749948722 
nschools: 14949
SELECT dfes.*, ofsted.url AS ofsted_url, ofsted.type AS ofsted_type FROM dfes,ofsted WHERE
dfes.name = ofsted.name AND dfes.postcode = ofsted.postcode AND 
dfes.lon > -4.229736328125 AND
dfes.lon < 1.263427734375 AND
dfes.lat > 50.52041218671901 AND
dfes.lat < 54.52745749948722
ORDER BY average_secondary DESC
 LIMIT 20
params: minX maxX minY maxY limit orderBy ofstedType
maxX = 1.263427734375
ofstedType = all
minX = -4.229736328125
orderBy = average_secondary
minY = 50.52041218671901
limit = 20
maxY = 54.52745749948722
25679 at Wed Sep 20 14:07:40 2006
SELECT count( * ) from dfes,ofsted WHERE 
dfes.name = ofsted.name AND dfes.postcode = ofsted.postcode AND 
dfes.lon > -4.229736328125 AND 
dfes.lon < 1.263427734375 AND 
dfes.lat > 50.52041218671901 AND
dfes.lat < 54.52745749948722 
nschools: 14949
SELECT dfes.*, ofsted.url AS ofsted_url, ofsted.type AS ofsted_type FROM dfes,ofsted WHERE
dfes.name = ofsted.name AND dfes.postcode = ofsted.postcode AND 
dfes.lon > -4.229736328125 AND
dfes.lon < 1.263427734375 AND
dfes.lat > 50.52041218671901 AND
dfes.lat < 54.52745749948722
ORDER BY average_secondary DESC
 LIMIT 20
params: minX maxX minY maxY limit orderBy ofstedType
maxX = 1.263427734375
ofstedType = all
minX = -4.229736328125
orderBy = average_secondary
minY = 50.52041218671901
limit = 20
maxY = 54.52745749948722
25680 at Wed Sep 20 14:08:22 2006
SELECT count( * ) from dfes,ofsted WHERE 
dfes.name = ofsted.name AND dfes.postcode = ofsted.postcode AND 
dfes.lon > -4.229736328125 AND 
dfes.lon < 1.263427734375 AND 
dfes.lat > 50.52041218671901 AND
dfes.lat < 54.52745749948722 
nschools: 14949
SELECT dfes.*, ofsted.url AS ofsted_url, ofsted.type AS ofsted_type FROM dfes,ofsted WHERE
dfes.name = ofsted.name AND dfes.postcode = ofsted.postcode AND 
dfes.lon > -4.229736328125 AND
dfes.lon < 1.263427734375 AND
dfes.lat > 50.52041218671901 AND
dfes.lat < 54.52745749948722
ORDER BY average_secondary DESC
 LIMIT 20
params: minX maxX minY maxY limit orderBy ofstedType
maxX = 1.263427734375
ofstedType = all
minX = -4.229736328125
orderBy = average_secondary
minY = 50.52041218671901
limit = 20
maxY = 54.52745749948722
27807 at Wed Sep 20 14:09:36 2006
SELECT count( * ) from dfes,ofsted WHERE 
dfes.name = ofsted.name AND dfes.postcode = ofsted.postcode AND 
dfes.lon > -4.229736328125 AND 
dfes.lon < 1.263427734375 AND 
dfes.lat > 50.52041218671901 AND
dfes.lat < 54.52745749948722 
nschools: 14949
SELECT dfes.*, ofsted.url AS ofsted_url, ofsted.type AS ofsted_type FROM dfes,ofsted WHERE
dfes.name = ofsted.name AND dfes.postcode = ofsted.postcode AND 
dfes.lon > -4.229736328125 AND
dfes.lon < 1.263427734375 AND
dfes.lat > 50.52041218671901 AND
dfes.lat < 54.52745749948722
ORDER BY average_secondary DESC
 LIMIT 20
params: minX maxX minY maxY limit orderBy ofstedType
maxX = 1.263427734375
ofstedType = all
minX = -4.229736328125
orderBy = average_secondary
minY = 50.52041218671901
limit = 20
maxY = 54.52745749948722
25759 at Wed Sep 20 14:12:42 2006
SELECT count( * ) from dfes,ofsted WHERE 
dfes.name = ofsted.name AND dfes.postcode = ofsted.postcode AND 
dfes.lon > -4.229736328125 AND 
dfes.lon < 1.263427734375 AND 
dfes.lat > 50.52041218671901 AND
dfes.lat < 54.52745749948722 
nschools: 14949
SELECT dfes.*, ofsted.url AS ofsted_url, ofsted.type AS ofsted_type FROM dfes,ofsted WHERE
dfes.name = ofsted.name AND dfes.postcode = ofsted.postcode AND 
dfes.lon > -4.229736328125 AND
dfes.lon < 1.263427734375 AND
dfes.lat > 50.52041218671901 AND
dfes.lat < 54.52745749948722
ORDER BY average_secondary DESC
 LIMIT 20
params: minX maxX minY maxY limit orderBy ofstedType
maxX = 1.263427734375
ofstedType = all
minX = -4.229736328125
orderBy = average_secondary
minY = 50.52041218671901
limit = 20
maxY = 54.52745749948722
25762 at Wed Sep 20 14:14:32 2006
SELECT count( * ) from dfes,ofsted WHERE 
dfes.name = ofsted.name AND dfes.postcode = ofsted.postcode AND 
dfes.lon > -4.229736328125 AND 
dfes.lon < 1.263427734375 AND 
dfes.lat > 50.52041218671901 AND
dfes.lat < 54.52745749948722 
nschools: 14949
SELECT dfes.*, ofsted.url AS ofsted_url, ofsted.type AS ofsted_type FROM dfes,ofsted WHERE
dfes.name = ofsted.name AND dfes.postcode = ofsted.postcode AND 
dfes.lon > -4.229736328125 AND
dfes.lon < 1.263427734375 AND
dfes.lat > 50.52041218671901 AND
dfes.lat < 54.52745749948722
ORDER BY average_secondary DESC
 LIMIT 20
params: minX maxX minY maxY limit orderBy ofstedType
maxX = 1.263427734375
ofstedType = all
minX = -4.229736328125
orderBy = average_secondary
minY = 50.52041218671901
limit = 20
maxY = 54.52745749948722
25678 at Wed Sep 20 14:15:57 2006
SELECT count( * ) from dfes,ofsted WHERE 
dfes.name = ofsted.name AND dfes.postcode = ofsted.postcode AND 
dfes.lon > -4.229736328125 AND 
dfes.lon < 1.263427734375 AND 
dfes.lat > 50.52041218671901 AND
dfes.lat < 54.52745749948722 
nschools: 14949
SELECT dfes.*, ofsted.url AS ofsted_url, ofsted.type AS ofsted_type FROM dfes,ofsted WHERE
dfes.name = ofsted.name AND dfes.postcode = ofsted.postcode AND 
dfes.lon > -4.229736328125 AND
dfes.lon < 1.263427734375 AND
dfes.lat > 50.52041218671901 AND
dfes.lat < 54.52745749948722
ORDER BY average_secondary DESC
 LIMIT 20
params: minX maxX minY maxY limit orderBy ofstedType
maxX = 1.263427734375
ofstedType = all
minX = -4.229736328125
orderBy = average_secondary
minY = 50.52041218671901
limit = 20
maxY = 54.52745749948722
25677 at Wed Sep 20 14:16:41 2006
SELECT count( * ) from dfes,ofsted WHERE 
dfes.name = ofsted.name AND dfes.postcode = ofsted.postcode AND 
dfes.lon > -4.229736328125 AND 
dfes.lon < 1.263427734375 AND 
dfes.lat > 50.52041218671901 AND
dfes.lat < 54.52745749948722 
nschools: 14949
SELECT dfes.*, ofsted.url AS ofsted_url, ofsted.type AS ofsted_type FROM dfes,ofsted WHERE
dfes.name = ofsted.name AND dfes.postcode = ofsted.postcode AND 
dfes.lon > -4.229736328125 AND
dfes.lon < 1.263427734375 AND
dfes.lat > 50.52041218671901 AND
dfes.lat < 54.52745749948722
ORDER BY average_secondary DESC
 LIMIT 20
params: minX maxX minY maxY limit orderBy ofstedType
maxX = 1.263427734375
ofstedType = all
minX = -4.229736328125
orderBy = average_secondary
minY = 50.52041218671901
limit = 20
maxY = 54.52745749948722
26110 at Wed Sep 20 14:17:11 2006
SELECT count( * ) from dfes,ofsted WHERE 
dfes.name = ofsted.name AND dfes.postcode = ofsted.postcode AND 
dfes.lon > -4.229736328125 AND 
dfes.lon < 1.263427734375 AND 
dfes.lat > 50.52041218671901 AND
dfes.lat < 54.52745749948722 
nschools: 14949
SELECT dfes.*, ofsted.url AS ofsted_url, ofsted.type AS ofsted_type FROM dfes,ofsted WHERE
dfes.name = ofsted.name AND dfes.postcode = ofsted.postcode AND 
dfes.lon > -4.229736328125 AND
dfes.lon < 1.263427734375 AND
dfes.lat > 50.52041218671901 AND
dfes.lat < 54.52745749948722
ORDER BY average_secondary DESC
 LIMIT 20
params: minX maxX minY maxY limit orderBy ofstedType
maxX = 1.263427734375
ofstedType = all
minX = -4.229736328125
orderBy = average_secondary
minY = 50.52041218671901
limit = 20
maxY = 54.52745749948722
25680 at Wed Sep 20 14:17:41 2006
SELECT count( * ) from dfes,ofsted WHERE 
dfes.name = ofsted.name AND dfes.postcode = ofsted.postcode AND 
dfes.lon > -4.229736328125 AND 
dfes.lon < 1.263427734375 AND 
dfes.lat > 50.52041218671901 AND
dfes.lat < 54.52745749948722 
nschools: 14949
SELECT dfes.*, ofsted.url AS ofsted_url, ofsted.type AS ofsted_type FROM dfes,ofsted WHERE
dfes.name = ofsted.name AND dfes.postcode = ofsted.postcode AND 
dfes.lon > -4.229736328125 AND
dfes.lon < 1.263427734375 AND
dfes.lat > 50.52041218671901 AND
dfes.lat < 54.52745749948722
ORDER BY average_secondary DESC
 LIMIT 20
params: minX maxX minY maxY limit orderBy ofstedType
maxX = 1.263427734375
ofstedType = all
minX = -4.229736328125
orderBy = average_secondary
minY = 50.52041218671901
limit = 20
maxY = 54.52745749948722
27807 at Wed Sep 20 14:18:32 2006
SELECT count( * ) from dfes,ofsted WHERE 
dfes.name = ofsted.name AND dfes.postcode = ofsted.postcode AND 
dfes.lon > -4.229736328125 AND 
dfes.lon < 1.263427734375 AND 
dfes.lat > 50.52041218671901 AND
dfes.lat < 54.52745749948722 
nschools: 14949
SELECT dfes.*, ofsted.url AS ofsted_url, ofsted.type AS ofsted_type FROM dfes,ofsted WHERE
dfes.name = ofsted.name AND dfes.postcode = ofsted.postcode AND 
dfes.lon > -4.229736328125 AND
dfes.lon < 1.263427734375 AND
dfes.lat > 50.52041218671901 AND
dfes.lat < 54.52745749948722
ORDER BY average_secondary DESC
 LIMIT 20
params: minX maxX minY maxY limit orderBy ofstedType
maxX = 1.263427734375
ofstedType = all
minX = -4.229736328125
orderBy = average_secondary
minY = 50.52041218671901
limit = 20
maxY = 54.52745749948722
25680 at Wed Sep 20 14:52:37 2006
SELECT count( * ) from dfes,ofsted WHERE 
dfes.name = ofsted.name AND dfes.postcode = ofsted.postcode AND 
dfes.lon > -4.229736328125 AND 
dfes.lon < 1.263427734375 AND 
dfes.lat > 50.52041218671901 AND
dfes.lat < 54.52745749948722 
nschools: 14949
SELECT dfes.*, ofsted.url AS ofsted_url, ofsted.type AS ofsted_type FROM dfes,ofsted WHERE
dfes.name = ofsted.name AND dfes.postcode = ofsted.postcode AND 
dfes.lon > -4.229736328125 AND
dfes.lon < 1.263427734375 AND
dfes.lat > 50.52041218671901 AND
dfes.lat < 54.52745749948722
ORDER BY average_secondary DESC
 LIMIT 20
params: minX maxX minY maxY limit orderBy ofstedType
maxX = 1.263427734375
ofstedType = all
minX = -4.229736328125
orderBy = average_secondary
minY = 50.52041218671901
limit = 20
maxY = 54.52745749948722
27807 at Wed Sep 20 14:53:43 2006
SELECT count( * ) from dfes,ofsted WHERE 
dfes.name = ofsted.name AND dfes.postcode = ofsted.postcode AND 
dfes.lon > -4.229736328125 AND 
dfes.lon < 1.263427734375 AND 
dfes.lat > 50.52041218671901 AND
dfes.lat < 54.52745749948722 
nschools: 14949
SELECT dfes.*, ofsted.url AS ofsted_url, ofsted.type AS ofsted_type FROM dfes,ofsted WHERE
dfes.name = ofsted.name AND dfes.postcode = ofsted.postcode AND 
dfes.lon > -4.229736328125 AND
dfes.lon < 1.263427734375 AND
dfes.lat > 50.52041218671901 AND
dfes.lat < 54.52745749948722
ORDER BY average_secondary DESC
 LIMIT 20
params: minX maxX minY maxY limit orderBy ofstedType
maxX = 1.263427734375
ofstedType = all
minX = -4.229736328125
orderBy = average_secondary
minY = 50.52041218671901
limit = 20
maxY = 54.52745749948722
25759 at Wed Sep 20 14:56:19 2006
SELECT count( * ) from dfes,ofsted WHERE 
dfes.name = ofsted.name AND dfes.postcode = ofsted.postcode AND 
dfes.lon > -4.229736328125 AND 
dfes.lon < 1.263427734375 AND 
dfes.lat > 50.52041218671901 AND
dfes.lat < 54.52745749948722 
nschools: 14949
SELECT dfes.*, ofsted.url AS ofsted_url, ofsted.type AS ofsted_type FROM dfes,ofsted WHERE
dfes.name = ofsted.name AND dfes.postcode = ofsted.postcode AND 
dfes.lon > -4.229736328125 AND
dfes.lon < 1.263427734375 AND
dfes.lat > 50.52041218671901 AND
dfes.lat < 54.52745749948722
ORDER BY average_secondary DESC
 LIMIT 20
params: minX maxX minY maxY limit orderBy ofstedType
maxX = 1.263427734375
ofstedType = all
minX = -4.229736328125
orderBy = average_secondary
minY = 50.52041218671901
limit = 20
maxY = 54.52745749948722
27808 at Wed Sep 20 14:58:06 2006
SELECT count( * ) from dfes,ofsted WHERE 
dfes.name = ofsted.name AND dfes.postcode = ofsted.postcode AND 
dfes.lon > -4.229736328125 AND 
dfes.lon < 1.263427734375 AND 
dfes.lat > 50.52041218671901 AND
dfes.lat < 54.52745749948722 
nschools: 14949
SELECT dfes.*, ofsted.url AS ofsted_url, ofsted.type AS ofsted_type FROM dfes,ofsted WHERE
dfes.name = ofsted.name AND dfes.postcode = ofsted.postcode AND 
dfes.lon > -4.229736328125 AND
dfes.lon < 1.263427734375 AND
dfes.lat > 50.52041218671901 AND
dfes.lat < 54.52745749948722
ORDER BY average_secondary DESC
 LIMIT 20
params: minX maxX minY maxY limit orderBy ofstedType
maxX = 1.263427734375
ofstedType = all
minX = -4.229736328125
orderBy = average_secondary
minY = 50.52041218671901
limit = 20
maxY = 54.52745749948722
25681 at Wed Sep 20 14:59:56 2006
SELECT count( * ) from dfes,ofsted WHERE 
dfes.name = ofsted.name AND dfes.postcode = ofsted.postcode AND 
dfes.lon > -4.229736328125 AND 
dfes.lon < 1.263427734375 AND 
dfes.lat > 50.52041218671901 AND
dfes.lat < 54.52745749948722 
nschools: 14949
SELECT dfes.*, ofsted.url AS ofsted_url, ofsted.type AS ofsted_type FROM dfes,ofsted WHERE
dfes.name = ofsted.name AND dfes.postcode = ofsted.postcode AND 
dfes.lon > -4.229736328125 AND
dfes.lon < 1.263427734375 AND
dfes.lat > 50.52041218671901 AND
dfes.lat < 54.52745749948722
ORDER BY average_secondary DESC
 LIMIT 20
params: minX maxX minY maxY limit orderBy ofstedType
maxX = 1.263427734375
ofstedType = all
minX = -4.229736328125
orderBy = average_secondary
minY = 50.52041218671901
limit = 20
maxY = 54.52745749948722
25678 at Wed Sep 20 15:04:36 2006
SELECT count( * ) from dfes,ofsted WHERE 
dfes.name = ofsted.name AND dfes.postcode = ofsted.postcode AND 
dfes.lon > -4.229736328125 AND 
dfes.lon < 1.263427734375 AND 
dfes.lat > 50.52041218671901 AND
dfes.lat < 54.52745749948722 
nschools: 14949
SELECT dfes.*, ofsted.url AS ofsted_url, ofsted.type AS ofsted_type FROM dfes,ofsted WHERE
dfes.name = ofsted.name AND dfes.postcode = ofsted.postcode AND 
dfes.lon > -4.229736328125 AND
dfes.lon < 1.263427734375 AND
dfes.lat > 50.52041218671901 AND
dfes.lat < 54.52745749948722
ORDER BY average_secondary DESC
 LIMIT 20
params: minX maxX minY maxY limit orderBy ofstedType
maxX = 1.263427734375
ofstedType = all
minX = -4.229736328125
orderBy = average_secondary
minY = 50.52041218671901
limit = 20
maxY = 54.52745749948722
26110 at Wed Sep 20 15:05:50 2006
SELECT count( * ) from dfes,ofsted WHERE 
dfes.name = ofsted.name AND dfes.postcode = ofsted.postcode AND 
dfes.lon > -4.229736328125 AND 
dfes.lon < 1.263427734375 AND 
dfes.lat > 50.52041218671901 AND
dfes.lat < 54.52745749948722 
nschools: 14949
SELECT dfes.*, ofsted.url AS ofsted_url, ofsted.type AS ofsted_type FROM dfes,ofsted WHERE
dfes.name = ofsted.name AND dfes.postcode = ofsted.postcode AND 
dfes.lon > -4.229736328125 AND
dfes.lon < 1.263427734375 AND
dfes.lat > 50.52041218671901 AND
dfes.lat < 54.52745749948722
ORDER BY average_secondary DESC
 LIMIT 20
params: minX maxX minY maxY limit orderBy ofstedType
maxX = 1.263427734375
ofstedType = all
minX = -4.229736328125
orderBy = average_secondary
minY = 50.52041218671901
limit = 20
maxY = 54.52745749948722
25680 at Wed Sep 20 15:10:00 2006
SELECT count( * ) from dfes,ofsted WHERE 
dfes.name = ofsted.name AND dfes.postcode = ofsted.postcode AND 
dfes.lon > -4.229736328125 AND 
dfes.lon < 1.263427734375 AND 
dfes.lat > 50.52041218671901 AND
dfes.lat < 54.52745749948722 
nschools: 14949
SELECT dfes.*, ofsted.url AS ofsted_url, ofsted.type AS ofsted_type FROM dfes,ofsted WHERE
dfes.name = ofsted.name AND dfes.postcode = ofsted.postcode AND 
dfes.lon > -4.229736328125 AND
dfes.lon < 1.263427734375 AND
dfes.lat > 50.52041218671901 AND
dfes.lat < 54.52745749948722
ORDER BY average_secondary DESC
 LIMIT 20
params: minX maxX minY maxY limit orderBy ofstedType
maxX = 1.263427734375
ofstedType = all
minX = -4.229736328125
orderBy = average_secondary
minY = 50.52041218671901
limit = 20
maxY = 54.52745749948722
27807 at Wed Sep 20 15:18:45 2006
SELECT count( * ) from dfes,ofsted WHERE 
dfes.name = ofsted.name AND dfes.postcode = ofsted.postcode AND 
dfes.lon > -4.229736328125 AND 
dfes.lon < 1.263427734375 AND 
dfes.lat > 50.52041218671901 AND
dfes.lat < 54.52745749948722 
nschools: 14949
SELECT dfes.*, ofsted.url AS ofsted_url, ofsted.type AS ofsted_type FROM dfes,ofsted WHERE
dfes.name = ofsted.name AND dfes.postcode = ofsted.postcode AND 
dfes.lon > -4.229736328125 AND
dfes.lon < 1.263427734375 AND
dfes.lat > 50.52041218671901 AND
dfes.lat < 54.52745749948722
ORDER BY average_secondary DESC
 LIMIT 20
params: minX maxX minY maxY limit orderBy ofstedType
maxX = 1.263427734375
ofstedType = all
minX = -4.229736328125
orderBy = average_secondary
minY = 50.52041218671901
limit = 20
maxY = 54.52745749948722
25759 at Wed Sep 20 15:19:45 2006
SELECT count( * ) from dfes,ofsted WHERE 
dfes.name = ofsted.name AND dfes.postcode = ofsted.postcode AND 
dfes.lon > -4.229736328125 AND 
dfes.lon < 1.263427734375 AND 
dfes.lat > 50.52041218671901 AND
dfes.lat < 54.52745749948722 
nschools: 14949
SELECT dfes.*, ofsted.url AS ofsted_url, ofsted.type AS ofsted_type FROM dfes,ofsted WHERE
dfes.name = ofsted.name AND dfes.postcode = ofsted.postcode AND 
dfes.lon > -4.229736328125 AND
dfes.lon < 1.263427734375 AND
dfes.lat > 50.52041218671901 AND
dfes.lat < 54.52745749948722
ORDER BY average_secondary DESC
 LIMIT 20
params: minX maxX minY maxY limit orderBy ofstedType
maxX = 1.263427734375
ofstedType = all
minX = -4.229736328125
orderBy = average_secondary
minY = 50.52041218671901
limit = 20
maxY = 54.52745749948722
27808 at Wed Sep 20 15:21:48 2006
SELECT count( * ) from dfes,ofsted WHERE 
dfes.name = ofsted.name AND dfes.postcode = ofsted.postcode AND 
dfes.lon > -4.229736328125 AND 
dfes.lon < 1.263427734375 AND 
dfes.lat > 50.52041218671901 AND
dfes.lat < 54.52745749948722 
nschools: 14949
SELECT dfes.*, ofsted.url AS ofsted_url, ofsted.type AS ofsted_type FROM dfes,ofsted WHERE
dfes.name = ofsted.name AND dfes.postcode = ofsted.postcode AND 
dfes.lon > -4.229736328125 AND
dfes.lon < 1.263427734375 AND
dfes.lat > 50.52041218671901 AND
dfes.lat < 54.52745749948722
ORDER BY average_secondary DESC
 LIMIT 20
params: minX maxX minY maxY limit orderBy ofstedType
maxX = 1.263427734375
ofstedType = all
minX = -4.229736328125
orderBy = average_secondary
minY = 50.52041218671901
limit = 20
maxY = 54.52745749948722
25762 at Wed Sep 20 15:28:04 2006
SELECT count( * ) from dfes,ofsted WHERE 
dfes.name = ofsted.name AND dfes.postcode = ofsted.postcode AND 
dfes.lon > -4.229736328125 AND 
dfes.lon < 1.263427734375 AND 
dfes.lat > 50.52041218671901 AND
dfes.lat < 54.52745749948722 
nschools: 14949
SELECT dfes.*, ofsted.url AS ofsted_url, ofsted.type AS ofsted_type FROM dfes,ofsted WHERE
dfes.name = ofsted.name AND dfes.postcode = ofsted.postcode AND 
dfes.lon > -4.229736328125 AND
dfes.lon < 1.263427734375 AND
dfes.lat > 50.52041218671901 AND
dfes.lat < 54.52745749948722
ORDER BY average_secondary DESC
 LIMIT 20
params: minX maxX minY maxY limit orderBy ofstedType
maxX = 1.263427734375
ofstedType = all
minX = -4.229736328125
orderBy = average_secondary
minY = 50.52041218671901
limit = 20
maxY = 54.52745749948722
26110 at Wed Sep 20 15:35:28 2006
SELECT count( * ) from dfes,ofsted WHERE 
dfes.name = ofsted.name AND dfes.postcode = ofsted.postcode AND 
dfes.lon > -4.229736328125 AND 
dfes.lon < 1.263427734375 AND 
dfes.lat > 50.52041218671901 AND
dfes.lat < 54.52745749948722 
nschools: 14949
SELECT dfes.*, ofsted.url AS ofsted_url, ofsted.type AS ofsted_type FROM dfes,ofsted WHERE
dfes.name = ofsted.name AND dfes.postcode = ofsted.postcode AND 
dfes.lon > -4.229736328125 AND
dfes.lon < 1.263427734375 AND
dfes.lat > 50.52041218671901 AND
dfes.lat < 54.52745749948722
ORDER BY average_secondary DESC
 LIMIT 20
params: minX maxX minY maxY limit orderBy ofstedType
maxX = 1.263427734375
ofstedType = all
minX = -4.229736328125
orderBy = average_secondary
minY = 50.52041218671901
limit = 20
maxY = 54.52745749948722
25679 at Wed Sep 20 15:37:28 2006
SELECT count( * ) from dfes,ofsted WHERE 
dfes.name = ofsted.name AND dfes.postcode = ofsted.postcode AND 
dfes.lon > -4.229736328125 AND 
dfes.lon < 1.263427734375 AND 
dfes.lat > 50.52041218671901 AND
dfes.lat < 54.52745749948722 
nschools: 14949
SELECT dfes.*, ofsted.url AS ofsted_url, ofsted.type AS ofsted_type FROM dfes,ofsted WHERE
dfes.name = ofsted.name AND dfes.postcode = ofsted.postcode AND 
dfes.lon > -4.229736328125 AND
dfes.lon < 1.263427734375 AND
dfes.lat > 50.52041218671901 AND
dfes.lat < 54.52745749948722
ORDER BY average_secondary DESC
 LIMIT 20
params: minX maxX minY maxY limit orderBy ofstedType
maxX = 1.263427734375
ofstedType = all
minX = -4.229736328125
orderBy = average_secondary
minY = 50.52041218671901
limit = 20
maxY = 54.52745749948722
25680 at Wed Sep 20 15:39:53 2006
SELECT count( * ) from dfes,ofsted WHERE 
dfes.name = ofsted.name AND dfes.postcode = ofsted.postcode AND 
dfes.lon > -4.229736328125 AND 
dfes.lon < 1.263427734375 AND 
dfes.lat > 50.52041218671901 AND
dfes.lat < 54.52745749948722 
nschools: 14949
SELECT dfes.*, ofsted.url AS ofsted_url, ofsted.type AS ofsted_type FROM dfes,ofsted WHERE
dfes.name = ofsted.name AND dfes.postcode = ofsted.postcode AND 
dfes.lon > -4.229736328125 AND
dfes.lon < 1.263427734375 AND
dfes.lat > 50.52041218671901 AND
dfes.lat < 54.52745749948722
ORDER BY average_secondary DESC
 LIMIT 20
params: minX maxX minY maxY limit orderBy ofstedType
maxX = 1.263427734375
ofstedType = all
minX = -4.229736328125
orderBy = average_secondary
minY = 50.52041218671901
limit = 20
maxY = 54.52745749948722
27807 at Wed Sep 20 15:48:25 2006
SELECT count( * ) from dfes,ofsted WHERE 
dfes.name = ofsted.name AND dfes.postcode = ofsted.postcode AND 
dfes.lon > -4.229736328125 AND 
dfes.lon < 1.263427734375 AND 
dfes.lat > 50.52041218671901 AND
dfes.lat < 54.52745749948722 
nschools: 14949
SELECT dfes.*, ofsted.url AS ofsted_url, ofsted.type AS ofsted_type FROM dfes,ofsted WHERE
dfes.name = ofsted.name AND dfes.postcode = ofsted.postcode AND 
dfes.lon > -4.229736328125 AND
dfes.lon < 1.263427734375 AND
dfes.lat > 50.52041218671901 AND
dfes.lat < 54.52745749948722
ORDER BY average_secondary DESC
 LIMIT 20
params: minX maxX minY maxY limit orderBy ofstedType
maxX = 1.263427734375
ofstedType = all
minX = -4.229736328125
orderBy = average_secondary
minY = 50.52041218671901
limit = 20
maxY = 54.52745749948722
25681 at Wed Sep 20 15:49:45 2006
SELECT count( * ) from dfes,ofsted WHERE 
dfes.name = ofsted.name AND dfes.postcode = ofsted.postcode AND 
dfes.lon > -4.229736328125 AND 
dfes.lon < 1.263427734375 AND 
dfes.lat > 50.52041218671901 AND
dfes.lat < 54.52745749948722 
nschools: 14949
SELECT dfes.*, ofsted.url AS ofsted_url, ofsted.type AS ofsted_type FROM dfes,ofsted WHERE
dfes.name = ofsted.name AND dfes.postcode = ofsted.postcode AND 
dfes.lon > -4.229736328125 AND
dfes.lon < 1.263427734375 AND
dfes.lat > 50.52041218671901 AND
dfes.lat < 54.52745749948722
ORDER BY average_secondary DESC
 LIMIT 20
